{"./src/build/marionette.core.js":{"path":"./src/build/marionette.core.js","s":{"1":1,"2":1,"3":1,"4":1,"5":1},"b":{},"f":{"1":1},"fnMap":{"1":{"name":"(anonymous_1)","line":1,"loc":{"start":{"line":1,"column":18},"end":{"line":1,"column":47}}}},"statementMap":{"1":{"start":{"line":1,"column":0},"end":{"line":39,"column":22}},"2":{"start":{"line":5,"column":2},"end":{"line":5,"column":22}},"3":{"start":{"line":6,"column":2},"end":{"line":6,"column":35}},"4":{"start":{"line":9,"column":2},"end":{"line":9,"column":28}},"5":{"start":{"line":38,"column":2},"end":{"line":38,"column":20}}},"branchMap":{}},"./spec/javascripts/support/marionette.support.js":{"path":"./spec/javascripts/support/marionette.support.js","s":{"1":1},"b":{},"f":{},"fnMap":{},"statementMap":{"1":{"start":{"line":1,"column":0},"end":{"line":1,"column":33}}},"branchMap":{}},"./src/marionette.helpers.js":{"path":"./src/marionette.helpers.js","s":{"1":1,"2":1,"3":8,"4":8,"5":8,"6":1,"7":1,"8":3950,"9":0,"10":3950,"11":3950,"12":185,"13":3765,"14":3950,"15":1,"16":375,"17":375,"18":10,"19":10,"20":6,"21":10,"22":3,"23":7,"24":375},"b":{"1":[8,2],"2":[0,3950],"3":[3950,3950],"4":[185,3765],"5":[3950,3902,188],"6":[6,4],"7":[3,7]},"f":{"1":8,"2":3950,"3":375,"4":10},"fnMap":{"1":{"name":"throwError","line":7,"loc":{"start":{"line":7,"column":0},"end":{"line":7,"column":35}}},"2":{"name":"(anonymous_2)","line":24,"loc":{"start":{"line":24,"column":23},"end":{"line":24,"column":51}}},"3":{"name":"(anonymous_3)","line":42,"loc":{"start":{"line":42,"column":30},"end":{"line":42,"column":45}}},"4":{"name":"(anonymous_4)","line":44,"loc":{"start":{"line":44,"column":15},"end":{"line":44,"column":34}}}},"statementMap":{"1":{"start":{"line":5,"column":0},"end":{"line":5,"column":34}},"2":{"start":{"line":7,"column":0},"end":{"line":11,"column":1}},"3":{"start":{"line":8,"column":2},"end":{"line":8,"column":33}},"4":{"start":{"line":9,"column":2},"end":{"line":9,"column":31}},"5":{"start":{"line":10,"column":2},"end":{"line":10,"column":14}},"6":{"start":{"line":17,"column":0},"end":{"line":17,"column":42}},"7":{"start":{"line":24,"column":0},"end":{"line":35,"column":2}},"8":{"start":{"line":25,"column":2},"end":{"line":25,"column":40}},"9":{"start":{"line":25,"column":31},"end":{"line":25,"column":38}},"10":{"start":{"line":26,"column":2},"end":{"line":26,"column":12}},"11":{"start":{"line":28,"column":2},"end":{"line":32,"column":3}},"12":{"start":{"line":29,"column":4},"end":{"line":29,"column":39}},"13":{"start":{"line":31,"column":4},"end":{"line":31,"column":31}},"14":{"start":{"line":34,"column":2},"end":{"line":34,"column":15}},"15":{"start":{"line":42,"column":0},"end":{"line":55,"column":2}},"16":{"start":{"line":43,"column":2},"end":{"line":43,"column":34}},"17":{"start":{"line":44,"column":2},"end":{"line":53,"column":11}},"18":{"start":{"line":45,"column":4},"end":{"line":45,"column":16}},"19":{"start":{"line":46,"column":4},"end":{"line":48,"column":5}},"20":{"start":{"line":47,"column":6},"end":{"line":47,"column":28}},"21":{"start":{"line":49,"column":4},"end":{"line":51,"column":5}},"22":{"start":{"line":50,"column":6},"end":{"line":50,"column":13}},"23":{"start":{"line":52,"column":4},"end":{"line":52,"column":34}},"24":{"start":{"line":54,"column":2},"end":{"line":54,"column":24}}},"branchMap":{"1":{"line":9,"type":"binary-expr","locations":[{"start":{"line":9,"column":15},"end":{"line":9,"column":19}},{"start":{"line":9,"column":23},"end":{"line":9,"column":30}}]},"2":{"line":25,"type":"if","locations":[{"start":{"line":25,"column":2},"end":{"line":25,"column":2}},{"start":{"line":25,"column":2},"end":{"line":25,"column":2}}]},"3":{"line":25,"type":"binary-expr","locations":[{"start":{"line":25,"column":6},"end":{"line":25,"column":13}},{"start":{"line":25,"column":17},"end":{"line":25,"column":28}}]},"4":{"line":28,"type":"if","locations":[{"start":{"line":28,"column":2},"end":{"line":28,"column":2}},{"start":{"line":28,"column":2},"end":{"line":28,"column":2}}]},"5":{"line":28,"type":"binary-expr","locations":[{"start":{"line":28,"column":6},"end":{"line":28,"column":20}},{"start":{"line":28,"column":25},"end":{"line":28,"column":53}},{"start":{"line":28,"column":59},"end":{"line":28,"column":99}}]},"6":{"line":46,"type":"if","locations":[{"start":{"line":46,"column":4},"end":{"line":46,"column":4}},{"start":{"line":46,"column":4},"end":{"line":46,"column":4}}]},"7":{"line":49,"type":"if","locations":[{"start":{"line":49,"column":4},"end":{"line":49,"column":4}},{"start":{"line":49,"column":4},"end":{"line":49,"column":4}}]}}},"./src/marionette.triggermethod.js":{"path":"./src/marionette.triggermethod.js","s":{"1":1,"2":1,"3":1,"4":8072,"5":1,"6":3733,"7":3733,"8":3733,"9":3700,"10":3733,"11":423,"12":1},"b":{"1":[3700,33],"2":[423,3310]},"f":{"1":1,"2":8072,"3":3733},"fnMap":{"1":{"name":"(anonymous_1)","line":8,"loc":{"start":{"line":8,"column":28},"end":{"line":8,"column":38}}},"2":{"name":"getEventName","line":15,"loc":{"start":{"line":15,"column":2},"end":{"line":15,"column":50}}},"3":{"name":"(anonymous_3)","line":20,"loc":{"start":{"line":20,"column":22},"end":{"line":20,"column":38}}}},"statementMap":{"1":{"start":{"line":8,"column":0},"end":{"line":38,"column":5}},"2":{"start":{"line":11,"column":2},"end":{"line":11,"column":31}},"3":{"start":{"line":15,"column":2},"end":{"line":17,"column":3}},"4":{"start":{"line":16,"column":4},"end":{"line":16,"column":35}},"5":{"start":{"line":20,"column":2},"end":{"line":35,"column":4}},"6":{"start":{"line":22,"column":4},"end":{"line":22,"column":66}},"7":{"start":{"line":23,"column":4},"end":{"line":23,"column":34}},"8":{"start":{"line":26,"column":4},"end":{"line":28,"column":5}},"9":{"start":{"line":27,"column":6},"end":{"line":27,"column":42}},"10":{"start":{"line":31,"column":4},"end":{"line":34,"column":5}},"11":{"start":{"line":33,"column":6},"end":{"line":33,"column":51}},"12":{"start":{"line":37,"column":2},"end":{"line":37,"column":23}}},"branchMap":{"1":{"line":26,"type":"if","locations":[{"start":{"line":26,"column":4},"end":{"line":26,"column":4}},{"start":{"line":26,"column":4},"end":{"line":26,"column":4}}]},"2":{"line":31,"type":"if","locations":[{"start":{"line":31,"column":4},"end":{"line":31,"column":4}},{"start":{"line":31,"column":4},"end":{"line":31,"column":4}}]}}},"./src/marionette.bindEntityEvents.js":{"path":"./src/marionette.bindEntityEvents.js","s":{"1":1,"2":1,"3":25,"4":25,"5":29,"6":29,"7":1,"8":28,"9":1,"10":12,"11":1,"12":33,"13":33,"14":37,"15":37,"16":1,"17":12,"18":1,"19":2459,"20":2377,"21":82,"22":8,"23":82,"24":82,"25":24,"26":58,"27":1,"28":1225,"29":1,"30":1234},"b":{"1":[1,28],"2":[2377,82],"3":[2459,1098],"4":[8,74],"5":[24,58]},"f":{"1":1,"2":25,"3":29,"4":12,"5":33,"6":37,"7":12,"8":2459,"9":82,"10":1225,"11":1234},"fnMap":{"1":{"name":"(anonymous_1)","line":17,"loc":{"start":{"line":17,"column":1},"end":{"line":17,"column":21}}},"2":{"name":"bindFromStrings","line":22,"loc":{"start":{"line":22,"column":2},"end":{"line":22,"column":56}}},"3":{"name":"(anonymous_3)","line":25,"loc":{"start":{"line":25,"column":23},"end":{"line":25,"column":44}}},"4":{"name":"bindToFunction","line":37,"loc":{"start":{"line":37,"column":2},"end":{"line":37,"column":54}}},"5":{"name":"unbindFromStrings","line":43,"loc":{"start":{"line":43,"column":2},"end":{"line":43,"column":58}}},"6":{"name":"(anonymous_6)","line":46,"loc":{"start":{"line":46,"column":23},"end":{"line":46,"column":44}}},"7":{"name":"unbindToFunction","line":53,"loc":{"start":{"line":53,"column":2},"end":{"line":53,"column":56}}},"8":{"name":"iterateEvents","line":59,"loc":{"start":{"line":59,"column":2},"end":{"line":59,"column":84}}},"9":{"name":"(anonymous_9)","line":68,"loc":{"start":{"line":68,"column":21},"end":{"line":68,"column":43}}},"10":{"name":"(anonymous_10)","line":82,"loc":{"start":{"line":82,"column":32},"end":{"line":82,"column":66}}},"11":{"name":"(anonymous_11)","line":86,"loc":{"start":{"line":86,"column":34},"end":{"line":86,"column":68}}}},"statementMap":{"1":{"start":{"line":17,"column":0},"end":{"line":90,"column":15}},"2":{"start":{"line":22,"column":2},"end":{"line":34,"column":3}},"3":{"start":{"line":23,"column":4},"end":{"line":23,"column":43}},"4":{"start":{"line":25,"column":4},"end":{"line":33,"column":7}},"5":{"start":{"line":27,"column":6},"end":{"line":27,"column":38}},"6":{"start":{"line":28,"column":6},"end":{"line":30,"column":7}},"7":{"start":{"line":29,"column":8},"end":{"line":29,"column":104}},"8":{"start":{"line":32,"column":6},"end":{"line":32,"column":43}},"9":{"start":{"line":37,"column":2},"end":{"line":39,"column":3}},"10":{"start":{"line":38,"column":6},"end":{"line":38,"column":43}},"11":{"start":{"line":43,"column":2},"end":{"line":50,"column":3}},"12":{"start":{"line":44,"column":4},"end":{"line":44,"column":43}},"13":{"start":{"line":46,"column":4},"end":{"line":49,"column":7}},"14":{"start":{"line":47,"column":6},"end":{"line":47,"column":38}},"15":{"start":{"line":48,"column":6},"end":{"line":48,"column":48}},"16":{"start":{"line":53,"column":2},"end":{"line":55,"column":3}},"17":{"start":{"line":54,"column":6},"end":{"line":54,"column":48}},"18":{"start":{"line":59,"column":2},"end":{"line":79,"column":3}},"19":{"start":{"line":60,"column":4},"end":{"line":60,"column":41}},"20":{"start":{"line":60,"column":32},"end":{"line":60,"column":39}},"21":{"start":{"line":63,"column":4},"end":{"line":65,"column":5}},"22":{"start":{"line":64,"column":6},"end":{"line":64,"column":39}},"23":{"start":{"line":68,"column":4},"end":{"line":78,"column":7}},"24":{"start":{"line":72,"column":6},"end":{"line":76,"column":7}},"25":{"start":{"line":73,"column":8},"end":{"line":73,"column":55}},"26":{"start":{"line":75,"column":8},"end":{"line":75,"column":53}},"27":{"start":{"line":82,"column":2},"end":{"line":84,"column":4}},"28":{"start":{"line":83,"column":4},"end":{"line":83,"column":77}},"29":{"start":{"line":86,"column":2},"end":{"line":88,"column":4}},"30":{"start":{"line":87,"column":4},"end":{"line":87,"column":81}}},"branchMap":{"1":{"line":28,"type":"if","locations":[{"start":{"line":28,"column":6},"end":{"line":28,"column":6}},{"start":{"line":28,"column":6},"end":{"line":28,"column":6}}]},"2":{"line":60,"type":"if","locations":[{"start":{"line":60,"column":4},"end":{"line":60,"column":4}},{"start":{"line":60,"column":4},"end":{"line":60,"column":4}}]},"3":{"line":60,"type":"binary-expr","locations":[{"start":{"line":60,"column":8},"end":{"line":60,"column":15}},{"start":{"line":60,"column":19},"end":{"line":60,"column":28}}]},"4":{"line":63,"type":"if","locations":[{"start":{"line":63,"column":4},"end":{"line":63,"column":4}},{"start":{"line":63,"column":4},"end":{"line":63,"column":4}}]},"5":{"line":72,"type":"if","locations":[{"start":{"line":72,"column":6},"end":{"line":72,"column":6}},{"start":{"line":72,"column":6},"end":{"line":72,"column":6}}]}}},"./src/marionette.controller.js":{"path":"./src/marionette.controller.js","s":{"1":1,"2":203,"3":203,"4":203,"5":7,"6":1,"7":1,"8":13,"9":13,"10":13},"b":{"1":[203,198],"2":[7,196]},"f":{"1":203,"2":13},"fnMap":{"1":{"name":"(anonymous_1)","line":7,"loc":{"start":{"line":7,"column":24},"end":{"line":7,"column":41}}},"2":{"name":"(anonymous_2)","line":23,"loc":{"start":{"line":23,"column":9},"end":{"line":23,"column":19}}}},"statementMap":{"1":{"start":{"line":7,"column":0},"end":{"line":14,"column":2}},"2":{"start":{"line":8,"column":2},"end":{"line":8,"column":48}},"3":{"start":{"line":9,"column":2},"end":{"line":9,"column":31}},"4":{"start":{"line":11,"column":2},"end":{"line":13,"column":3}},"5":{"start":{"line":12,"column":4},"end":{"line":12,"column":34}},"6":{"start":{"line":16,"column":0},"end":{"line":16,"column":49}},"7":{"start":{"line":22,"column":0},"end":{"line":28,"column":3}},"8":{"start":{"line":24,"column":4},"end":{"line":24,"column":25}},"9":{"start":{"line":25,"column":4},"end":{"line":25,"column":32}},"10":{"start":{"line":26,"column":4},"end":{"line":26,"column":18}}},"branchMap":{"1":{"line":9,"type":"binary-expr","locations":[{"start":{"line":9,"column":17},"end":{"line":9,"column":24}},{"start":{"line":9,"column":28},"end":{"line":9,"column":30}}]},"2":{"line":11,"type":"if","locations":[{"start":{"line":11,"column":2},"end":{"line":11,"column":2}},{"start":{"line":11,"column":2},"end":{"line":11,"column":2}}]}}},"./src/marionette.domRefresh.js":{"path":"./src/marionette.domRefresh.js","s":{"1":1,"2":1,"3":43,"4":43,"5":1,"6":431,"7":431,"8":1,"9":474,"10":16,"11":16,"12":1,"13":35,"14":1,"15":596,"16":43,"17":596,"18":431},"b":{"1":[16,458],"2":[474,49,35],"3":[16,0]},"f":{"1":1,"2":43,"3":431,"4":474,"5":35,"6":596,"7":43,"8":431},"fnMap":{"1":{"name":"(anonymous_1)","line":8,"loc":{"start":{"line":8,"column":32},"end":{"line":8,"column":57}}},"2":{"name":"handleShow","line":11,"loc":{"start":{"line":11,"column":2},"end":{"line":11,"column":27}}},"3":{"name":"handleRender","line":17,"loc":{"start":{"line":17,"column":2},"end":{"line":17,"column":29}}},"4":{"name":"triggerDOMRefresh","line":23,"loc":{"start":{"line":23,"column":2},"end":{"line":23,"column":34}}},"5":{"name":"isInDOM","line":31,"loc":{"start":{"line":31,"column":2},"end":{"line":31,"column":25}}},"6":{"name":"(anonymous_6)","line":36,"loc":{"start":{"line":36,"column":9},"end":{"line":36,"column":23}}},"7":{"name":"(anonymous_7)","line":37,"loc":{"start":{"line":37,"column":32},"end":{"line":37,"column":42}}},"8":{"name":"(anonymous_8)","line":41,"loc":{"start":{"line":41,"column":34},"end":{"line":41,"column":44}}}},"statementMap":{"1":{"start":{"line":8,"column":0},"end":{"line":45,"column":29}},"2":{"start":{"line":11,"column":2},"end":{"line":14,"column":3}},"3":{"start":{"line":12,"column":4},"end":{"line":12,"column":25}},"4":{"start":{"line":13,"column":4},"end":{"line":13,"column":28}},"5":{"start":{"line":17,"column":2},"end":{"line":20,"column":3}},"6":{"start":{"line":18,"column":4},"end":{"line":18,"column":28}},"7":{"start":{"line":19,"column":4},"end":{"line":19,"column":28}},"8":{"start":{"line":23,"column":2},"end":{"line":29,"column":3}},"9":{"start":{"line":24,"column":4},"end":{"line":28,"column":5}},"10":{"start":{"line":25,"column":6},"end":{"line":27,"column":7}},"11":{"start":{"line":26,"column":8},"end":{"line":26,"column":42}},"12":{"start":{"line":31,"column":2},"end":{"line":33,"column":3}},"13":{"start":{"line":32,"column":4},"end":{"line":32,"column":45}},"14":{"start":{"line":36,"column":2},"end":{"line":44,"column":4}},"15":{"start":{"line":37,"column":4},"end":{"line":39,"column":7}},"16":{"start":{"line":38,"column":6},"end":{"line":38,"column":23}},"17":{"start":{"line":41,"column":4},"end":{"line":43,"column":7}},"18":{"start":{"line":42,"column":6},"end":{"line":42,"column":25}}},"branchMap":{"1":{"line":24,"type":"if","locations":[{"start":{"line":24,"column":4},"end":{"line":24,"column":4}},{"start":{"line":24,"column":4},"end":{"line":24,"column":4}}]},"2":{"line":24,"type":"binary-expr","locations":[{"start":{"line":24,"column":8},"end":{"line":24,"column":21}},{"start":{"line":24,"column":25},"end":{"line":24,"column":41}},{"start":{"line":24,"column":45},"end":{"line":24,"column":58}}]},"3":{"line":25,"type":"if","locations":[{"start":{"line":25,"column":6},"end":{"line":25,"column":6}},{"start":{"line":25,"column":6},"end":{"line":25,"column":6}}]}}},"./src/marionette.view.js":{"path":"./src/marionette.view.js","s":{"1":1,"2":597,"3":597,"4":9,"5":597,"6":597,"7":597,"8":596,"9":596,"10":188,"11":188,"12":188,"13":188,"14":3,"15":188,"16":628,"17":628,"18":574,"19":54,"20":69,"21":69,"22":27,"23":27,"24":27,"25":54,"26":601,"27":570,"28":31,"29":31,"30":31,"31":40,"32":40,"33":40,"34":24,"35":24,"36":24,"37":24,"38":24,"39":24,"40":22,"41":24,"42":21,"43":24,"44":24,"45":31,"46":601,"47":601,"48":600,"49":601,"50":601,"51":0,"52":601,"53":601,"54":601,"55":601,"56":601,"57":605,"58":605,"59":605,"60":605,"61":134,"62":5,"63":129,"64":129,"65":3,"66":126,"67":126,"68":126,"69":126,"70":191,"71":170,"72":21,"73":18,"74":21,"75":21,"76":21,"77":43,"78":43,"79":127,"80":124,"81":3,"82":3,"83":3,"84":3},"b":{"1":[9,588],"2":[1,596],"3":[188,0],"4":[3,185],"5":[574,54],"6":[27,42],"7":[570,31],"8":[16,24],"9":[24,0],"10":[5,19],"11":[5,19],"12":[22,2],"13":[24,22],"14":[21,3],"15":[24,21],"16":[601,601],"17":[0,601],"18":[601,590],"19":[5,129],"20":[3,126],"21":[170,21],"22":[18,3],"23":[124,3],"24":[127,4]},"f":{"1":597,"2":188,"3":188,"4":628,"5":69,"6":27,"7":601,"8":40,"9":24,"10":601,"11":601,"12":605,"13":34,"14":134,"15":191,"16":43,"17":127,"18":3},"fnMap":{"1":{"name":"(anonymous_1)","line":7,"loc":{"start":{"line":7,"column":15},"end":{"line":7,"column":32}}},"2":{"name":"(anonymous_2)","line":40,"loc":{"start":{"line":40,"column":15},"end":{"line":40,"column":25}}},"3":{"name":"(anonymous_3)","line":49,"loc":{"start":{"line":49,"column":24},"end":{"line":49,"column":40}}},"4":{"name":"(anonymous_4)","line":61,"loc":{"start":{"line":61,"column":19},"end":{"line":61,"column":34}}},"5":{"name":"(anonymous_5)","line":67,"loc":{"start":{"line":67,"column":25},"end":{"line":67,"column":37}}},"6":{"name":"(anonymous_6)","line":70,"loc":{"start":{"line":70,"column":32},"end":{"line":70,"column":44}}},"7":{"name":"(anonymous_7)","line":82,"loc":{"start":{"line":82,"column":21},"end":{"line":82,"column":31}}},"8":{"name":"(anonymous_8)","line":92,"loc":{"start":{"line":92,"column":21},"end":{"line":92,"column":41}}},"9":{"name":"(anonymous_9)","line":98,"loc":{"start":{"line":98,"column":27},"end":{"line":98,"column":38}}},"10":{"name":"(anonymous_10)","line":130,"loc":{"start":{"line":130,"column":18},"end":{"line":130,"column":34}}},"11":{"name":"(anonymous_11)","line":137,"loc":{"start":{"line":137,"column":22},"end":{"line":137,"column":38}}},"12":{"name":"(anonymous_12)","line":155,"loc":{"start":{"line":155,"column":20},"end":{"line":155,"column":30}}},"13":{"name":"(anonymous_13)","line":164,"loc":{"start":{"line":164,"column":16},"end":{"line":164,"column":26}}},"14":{"name":"(anonymous_14)","line":170,"loc":{"start":{"line":170,"column":9},"end":{"line":170,"column":19}}},"15":{"name":"(anonymous_15)","line":195,"loc":{"start":{"line":195,"column":18},"end":{"line":195,"column":28}}},"16":{"name":"(anonymous_16)","line":211,"loc":{"start":{"line":211,"column":29},"end":{"line":211,"column":43}}},"17":{"name":"(anonymous_17)","line":218,"loc":{"start":{"line":218,"column":20},"end":{"line":218,"column":30}}},"18":{"name":"(anonymous_18)","line":222,"loc":{"start":{"line":222,"column":20},"end":{"line":222,"column":39}}}},"statementMap":{"1":{"start":{"line":5,"column":0},"end":{"line":230,"column":3}},"2":{"start":{"line":8,"column":4},"end":{"line":8,"column":30}},"3":{"start":{"line":10,"column":4},"end":{"line":12,"column":5}},"4":{"start":{"line":11,"column":6},"end":{"line":11,"column":37}},"5":{"start":{"line":18,"column":4},"end":{"line":18,"column":113}},"6":{"start":{"line":21,"column":4},"end":{"line":21,"column":65}},"7":{"start":{"line":22,"column":4},"end":{"line":22,"column":63}},"8":{"start":{"line":24,"column":4},"end":{"line":24,"column":39}},"9":{"start":{"line":25,"column":4},"end":{"line":25,"column":51}},"10":{"start":{"line":41,"column":4},"end":{"line":41,"column":50}},"11":{"start":{"line":50,"column":4},"end":{"line":50,"column":26}},"12":{"start":{"line":51,"column":4},"end":{"line":51,"column":72}},"13":{"start":{"line":52,"column":4},"end":{"line":54,"column":5}},"14":{"start":{"line":53,"column":6},"end":{"line":53,"column":51}},"15":{"start":{"line":55,"column":4},"end":{"line":55,"column":45}},"16":{"start":{"line":62,"column":4},"end":{"line":62,"column":21}},"17":{"start":{"line":63,"column":4},"end":{"line":65,"column":5}},"18":{"start":{"line":64,"column":6},"end":{"line":64,"column":13}},"19":{"start":{"line":67,"column":4},"end":{"line":75,"column":7}},"20":{"start":{"line":68,"column":6},"end":{"line":68,"column":42}},"21":{"start":{"line":69,"column":6},"end":{"line":74,"column":7}},"22":{"start":{"line":70,"column":8},"end":{"line":72,"column":22}},"23":{"start":{"line":71,"column":10},"end":{"line":71,"column":51}},"24":{"start":{"line":73,"column":8},"end":{"line":73,"column":23}},"25":{"start":{"line":77,"column":4},"end":{"line":77,"column":16}},"26":{"start":{"line":83,"column":4},"end":{"line":83,"column":35}},"27":{"start":{"line":83,"column":26},"end":{"line":83,"column":33}},"28":{"start":{"line":85,"column":4},"end":{"line":85,"column":27}},"29":{"start":{"line":88,"column":4},"end":{"line":88,"column":68}},"30":{"start":{"line":92,"column":4},"end":{"line":123,"column":13}},"31":{"start":{"line":94,"column":6},"end":{"line":94,"column":41}},"32":{"start":{"line":95,"column":6},"end":{"line":95,"column":55}},"33":{"start":{"line":98,"column":6},"end":{"line":121,"column":8}},"34":{"start":{"line":101,"column":8},"end":{"line":110,"column":9}},"35":{"start":{"line":102,"column":10},"end":{"line":102,"column":41}},"36":{"start":{"line":103,"column":10},"end":{"line":103,"column":39}},"37":{"start":{"line":105,"column":10},"end":{"line":105,"column":74}},"38":{"start":{"line":106,"column":10},"end":{"line":106,"column":69}},"39":{"start":{"line":108,"column":10},"end":{"line":108,"column":61}},"40":{"start":{"line":108,"column":42},"end":{"line":108,"column":59}},"41":{"start":{"line":109,"column":10},"end":{"line":109,"column":52}},"42":{"start":{"line":109,"column":36},"end":{"line":109,"column":50}},"43":{"start":{"line":113,"column":8},"end":{"line":117,"column":10}},"44":{"start":{"line":120,"column":8},"end":{"line":120,"column":44}},"45":{"start":{"line":125,"column":4},"end":{"line":125,"column":25}},"46":{"start":{"line":131,"column":4},"end":{"line":131,"column":36}},"47":{"start":{"line":132,"column":4},"end":{"line":132,"column":93}},"48":{"start":{"line":133,"column":4},"end":{"line":133,"column":103}},"49":{"start":{"line":138,"column":4},"end":{"line":138,"column":35}},"50":{"start":{"line":139,"column":4},"end":{"line":139,"column":60}},"51":{"start":{"line":139,"column":31},"end":{"line":139,"column":58}},"52":{"start":{"line":141,"column":4},"end":{"line":141,"column":28}},"53":{"start":{"line":144,"column":4},"end":{"line":144,"column":64}},"54":{"start":{"line":145,"column":4},"end":{"line":145,"column":44}},"55":{"start":{"line":148,"column":4},"end":{"line":148,"column":63}},"56":{"start":{"line":150,"column":4},"end":{"line":150,"column":70}},"57":{"start":{"line":156,"column":4},"end":{"line":156,"column":53}},"58":{"start":{"line":157,"column":4},"end":{"line":157,"column":63}},"59":{"start":{"line":159,"column":4},"end":{"line":159,"column":95}},"60":{"start":{"line":160,"column":4},"end":{"line":160,"column":105}},"61":{"start":{"line":171,"column":4},"end":{"line":171,"column":34}},"62":{"start":{"line":171,"column":25},"end":{"line":171,"column":32}},"63":{"start":{"line":175,"column":4},"end":{"line":175,"column":57}},"64":{"start":{"line":176,"column":4},"end":{"line":178,"column":5}},"65":{"start":{"line":177,"column":6},"end":{"line":177,"column":13}},"66":{"start":{"line":183,"column":4},"end":{"line":183,"column":25}},"67":{"start":{"line":184,"column":4},"end":{"line":184,"column":32}},"68":{"start":{"line":187,"column":4},"end":{"line":187,"column":28}},"69":{"start":{"line":190,"column":4},"end":{"line":190,"column":18}},"70":{"start":{"line":196,"column":4},"end":{"line":196,"column":29}},"71":{"start":{"line":196,"column":20},"end":{"line":196,"column":27}},"72":{"start":{"line":200,"column":4},"end":{"line":202,"column":5}},"73":{"start":{"line":201,"column":6},"end":{"line":201,"column":33}},"74":{"start":{"line":205,"column":4},"end":{"line":205,"column":49}},"75":{"start":{"line":208,"column":4},"end":{"line":208,"column":17}},"76":{"start":{"line":211,"column":4},"end":{"line":214,"column":13}},"77":{"start":{"line":212,"column":6},"end":{"line":212,"column":35}},"78":{"start":{"line":213,"column":6},"end":{"line":213,"column":38}},"79":{"start":{"line":219,"column":4},"end":{"line":219,"column":49}},"80":{"start":{"line":219,"column":40},"end":{"line":219,"column":47}},"81":{"start":{"line":222,"column":4},"end":{"line":224,"column":13}},"82":{"start":{"line":223,"column":6},"end":{"line":223,"column":27}},"83":{"start":{"line":227,"column":4},"end":{"line":227,"column":31}},"84":{"start":{"line":228,"column":4},"end":{"line":228,"column":28}}},"branchMap":{"1":{"line":10,"type":"if","locations":[{"start":{"line":10,"column":4},"end":{"line":10,"column":4}},{"start":{"line":10,"column":4},"end":{"line":10,"column":4}}]},"2":{"line":18,"type":"cond-expr","locations":[{"start":{"line":18,"column":83},"end":{"line":18,"column":101}},{"start":{"line":18,"column":104},"end":{"line":18,"column":111}}]},"3":{"line":50,"type":"binary-expr","locations":[{"start":{"line":50,"column":13},"end":{"line":50,"column":19}},{"start":{"line":50,"column":23},"end":{"line":50,"column":25}}]},"4":{"line":52,"type":"if","locations":[{"start":{"line":52,"column":4},"end":{"line":52,"column":4}},{"start":{"line":52,"column":4},"end":{"line":52,"column":4}}]},"5":{"line":63,"type":"if","locations":[{"start":{"line":63,"column":4},"end":{"line":63,"column":4}},{"start":{"line":63,"column":4},"end":{"line":63,"column":4}}]},"6":{"line":69,"type":"if","locations":[{"start":{"line":69,"column":6},"end":{"line":69,"column":6}},{"start":{"line":69,"column":6},"end":{"line":69,"column":6}}]},"7":{"line":83,"type":"if","locations":[{"start":{"line":83,"column":4},"end":{"line":83,"column":4}},{"start":{"line":83,"column":4},"end":{"line":83,"column":4}}]},"8":{"line":95,"type":"cond-expr","locations":[{"start":{"line":95,"column":35},"end":{"line":95,"column":46}},{"start":{"line":95,"column":49},"end":{"line":95,"column":54}}]},"9":{"line":101,"type":"if","locations":[{"start":{"line":101,"column":8},"end":{"line":101,"column":8}},{"start":{"line":101,"column":8},"end":{"line":101,"column":8}}]},"10":{"line":105,"type":"cond-expr","locations":[{"start":{"line":105,"column":43},"end":{"line":105,"column":63}},{"start":{"line":105,"column":66},"end":{"line":105,"column":73}}]},"11":{"line":106,"type":"cond-expr","locations":[{"start":{"line":106,"column":40},"end":{"line":106,"column":61}},{"start":{"line":106,"column":64},"end":{"line":106,"column":68}}]},"12":{"line":108,"type":"if","locations":[{"start":{"line":108,"column":10},"end":{"line":108,"column":10}},{"start":{"line":108,"column":10},"end":{"line":108,"column":10}}]},"13":{"line":108,"type":"binary-expr","locations":[{"start":{"line":108,"column":14},"end":{"line":108,"column":27}},{"start":{"line":108,"column":31},"end":{"line":108,"column":38}}]},"14":{"line":109,"type":"if","locations":[{"start":{"line":109,"column":10},"end":{"line":109,"column":10}},{"start":{"line":109,"column":10},"end":{"line":109,"column":10}}]},"15":{"line":109,"type":"binary-expr","locations":[{"start":{"line":109,"column":14},"end":{"line":109,"column":24}},{"start":{"line":109,"column":28},"end":{"line":109,"column":32}}]},"16":{"line":138,"type":"binary-expr","locations":[{"start":{"line":138,"column":13},"end":{"line":138,"column":19}},{"start":{"line":138,"column":23},"end":{"line":138,"column":34}}]},"17":{"line":139,"type":"if","locations":[{"start":{"line":139,"column":4},"end":{"line":139,"column":4}},{"start":{"line":139,"column":4},"end":{"line":139,"column":4}}]},"18":{"line":144,"type":"binary-expr","locations":[{"start":{"line":144,"column":25},"end":{"line":144,"column":57}},{"start":{"line":144,"column":61},"end":{"line":144,"column":63}}]},"19":{"line":171,"type":"if","locations":[{"start":{"line":171,"column":4},"end":{"line":171,"column":4}},{"start":{"line":171,"column":4},"end":{"line":171,"column":4}}]},"20":{"line":176,"type":"if","locations":[{"start":{"line":176,"column":4},"end":{"line":176,"column":4}},{"start":{"line":176,"column":4},"end":{"line":176,"column":4}}]},"21":{"line":196,"type":"if","locations":[{"start":{"line":196,"column":4},"end":{"line":196,"column":4}},{"start":{"line":196,"column":4},"end":{"line":196,"column":4}}]},"22":{"line":200,"type":"if","locations":[{"start":{"line":200,"column":4},"end":{"line":200,"column":4}},{"start":{"line":200,"column":4},"end":{"line":200,"column":4}}]},"23":{"line":219,"type":"if","locations":[{"start":{"line":219,"column":4},"end":{"line":219,"column":4}},{"start":{"line":219,"column":4},"end":{"line":219,"column":4}}]},"24":{"line":219,"type":"binary-expr","locations":[{"start":{"line":219,"column":8},"end":{"line":219,"column":16}},{"start":{"line":219,"column":20},"end":{"line":219,"column":37}}]}}},"./src/marionette.behaviors.js":{"path":"./src/marionette.behaviors.js","s":{"1":1,"2":1,"3":9,"4":9,"5":9,"6":9,"7":9,"8":9,"9":9,"10":9,"11":9,"12":9,"13":11,"14":11,"15":12,"16":12,"17":12,"18":2,"19":12,"20":11,"21":9,"22":2,"23":2,"24":2,"25":2,"26":0,"27":9,"28":1,"29":1,"30":1,"31":1,"32":0,"33":9,"34":4,"35":4,"36":5,"37":9,"38":1,"39":1,"40":1,"41":9,"42":25,"43":25,"44":25,"45":29,"46":9,"47":11,"48":11,"49":12,"50":12,"51":9,"52":11,"53":11,"54":12,"55":12,"56":1,"57":1,"58":9,"59":8,"60":9,"61":9,"62":9,"63":1,"64":1,"65":1},"b":{"1":[12,10],"2":[0,2],"3":[0,1],"4":[8,1]},"f":{"1":1,"2":9,"3":11,"4":12,"5":2,"6":2,"7":2,"8":1,"9":1,"10":4,"11":5,"12":1,"13":1,"14":25,"15":29,"16":11,"17":12,"18":11,"19":12,"20":1,"21":9,"22":9,"23":1},"fnMap":{"1":{"name":"(anonymous_1)","line":1,"loc":{"start":{"line":1,"column":24},"end":{"line":1,"column":47}}},"2":{"name":"Behaviors","line":2,"loc":{"start":{"line":2,"column":2},"end":{"line":2,"column":26}}},"3":{"name":"(anonymous_3)","line":22,"loc":{"start":{"line":22,"column":26},"end":{"line":22,"column":37}}},"4":{"name":"(anonymous_4)","line":27,"loc":{"start":{"line":27,"column":30},"end":{"line":27,"column":45}}},"5":{"name":"(anonymous_5)","line":31,"loc":{"start":{"line":31,"column":39},"end":{"line":31,"column":53}}},"6":{"name":"(anonymous_6)","line":47,"loc":{"start":{"line":47,"column":18},"end":{"line":47,"column":28}}},"7":{"name":"(anonymous_7)","line":50,"loc":{"start":{"line":50,"column":30},"end":{"line":50,"column":42}}},"8":{"name":"(anonymous_8)","line":59,"loc":{"start":{"line":59,"column":19},"end":{"line":59,"column":29}}},"9":{"name":"(anonymous_9)","line":62,"loc":{"start":{"line":62,"column":30},"end":{"line":62,"column":42}}},"10":{"name":"(anonymous_10)","line":71,"loc":{"start":{"line":71,"column":26},"end":{"line":71,"column":36}}},"11":{"name":"(anonymous_11)","line":74,"loc":{"start":{"line":74,"column":30},"end":{"line":74,"column":42}}},"12":{"name":"(anonymous_12)","line":79,"loc":{"start":{"line":79,"column":28},"end":{"line":79,"column":38}}},"13":{"name":"(anonymous_13)","line":82,"loc":{"start":{"line":82,"column":30},"end":{"line":82,"column":42}}},"14":{"name":"(anonymous_14)","line":87,"loc":{"start":{"line":87,"column":25},"end":{"line":87,"column":35}}},"15":{"name":"(anonymous_15)","line":93,"loc":{"start":{"line":93,"column":30},"end":{"line":93,"column":41}}},"16":{"name":"(anonymous_16)","line":100,"loc":{"start":{"line":100,"column":26},"end":{"line":100,"column":37}}},"17":{"name":"(anonymous_17)","line":103,"loc":{"start":{"line":103,"column":30},"end":{"line":103,"column":41}}},"18":{"name":"(anonymous_18)","line":109,"loc":{"start":{"line":109,"column":28},"end":{"line":109,"column":38}}},"19":{"name":"(anonymous_19)","line":112,"loc":{"start":{"line":112,"column":30},"end":{"line":112,"column":41}}},"20":{"name":"(anonymous_20)","line":128,"loc":{"start":{"line":128,"column":21},"end":{"line":128,"column":31}}},"21":{"name":"(anonymous_21)","line":132,"loc":{"start":{"line":132,"column":20},"end":{"line":132,"column":45}}},"22":{"name":"(anonymous_22)","line":135,"loc":{"start":{"line":135,"column":32},"end":{"line":135,"column":43}}},"23":{"name":"(anonymous_23)","line":143,"loc":{"start":{"line":143,"column":30},"end":{"line":143,"column":52}}}},"statementMap":{"1":{"start":{"line":1,"column":0},"end":{"line":151,"column":18}},"2":{"start":{"line":2,"column":2},"end":{"line":117,"column":3}},"3":{"start":{"line":4,"column":4},"end":{"line":4,"column":68}},"4":{"start":{"line":6,"column":4},"end":{"line":6,"column":48}},"5":{"start":{"line":7,"column":4},"end":{"line":7,"column":50}},"6":{"start":{"line":9,"column":4},"end":{"line":9,"column":47}},"7":{"start":{"line":10,"column":4},"end":{"line":10,"column":50}},"8":{"start":{"line":11,"column":4},"end":{"line":11,"column":48}},"9":{"start":{"line":17,"column":4},"end":{"line":17,"column":40}},"10":{"start":{"line":18,"column":4},"end":{"line":18,"column":41}},"11":{"start":{"line":20,"column":4},"end":{"line":20,"column":21}},"12":{"start":{"line":22,"column":4},"end":{"line":45,"column":6}},"13":{"start":{"line":23,"column":6},"end":{"line":23,"column":25}},"14":{"start":{"line":27,"column":6},"end":{"line":42,"column":9}},"15":{"start":{"line":28,"column":8},"end":{"line":28,"column":57}},"16":{"start":{"line":29,"column":8},"end":{"line":29,"column":25}},"17":{"start":{"line":31,"column":8},"end":{"line":39,"column":11}},"18":{"start":{"line":38,"column":10},"end":{"line":38,"column":74}},"19":{"start":{"line":41,"column":8},"end":{"line":41,"column":49}},"20":{"start":{"line":44,"column":6},"end":{"line":44,"column":23}},"21":{"start":{"line":47,"column":4},"end":{"line":57,"column":6}},"22":{"start":{"line":48,"column":6},"end":{"line":48,"column":27}},"23":{"start":{"line":50,"column":6},"end":{"line":52,"column":9}},"24":{"start":{"line":51,"column":8},"end":{"line":51,"column":49}},"25":{"start":{"line":54,"column":6},"end":{"line":56,"column":7}},"26":{"start":{"line":55,"column":8},"end":{"line":55,"column":27}},"27":{"start":{"line":59,"column":4},"end":{"line":69,"column":6}},"28":{"start":{"line":60,"column":6},"end":{"line":60,"column":27}},"29":{"start":{"line":62,"column":6},"end":{"line":64,"column":9}},"30":{"start":{"line":63,"column":8},"end":{"line":63,"column":50}},"31":{"start":{"line":66,"column":6},"end":{"line":68,"column":7}},"32":{"start":{"line":67,"column":8},"end":{"line":67,"column":28}},"33":{"start":{"line":71,"column":4},"end":{"line":77,"column":6}},"34":{"start":{"line":72,"column":6},"end":{"line":72,"column":33}},"35":{"start":{"line":74,"column":6},"end":{"line":76,"column":9}},"36":{"start":{"line":75,"column":8},"end":{"line":75,"column":32}},"37":{"start":{"line":79,"column":4},"end":{"line":85,"column":6}},"38":{"start":{"line":80,"column":6},"end":{"line":80,"column":35}},"39":{"start":{"line":82,"column":6},"end":{"line":84,"column":9}},"40":{"start":{"line":83,"column":8},"end":{"line":83,"column":34}},"41":{"start":{"line":87,"column":4},"end":{"line":98,"column":6}},"42":{"start":{"line":88,"column":6},"end":{"line":88,"column":27}},"43":{"start":{"line":90,"column":6},"end":{"line":90,"column":38}},"44":{"start":{"line":93,"column":6},"end":{"line":97,"column":9}},"45":{"start":{"line":96,"column":8},"end":{"line":96,"column":37}},"46":{"start":{"line":100,"column":4},"end":{"line":107,"column":6}},"47":{"start":{"line":101,"column":6},"end":{"line":101,"column":44}},"48":{"start":{"line":103,"column":6},"end":{"line":106,"column":9}},"49":{"start":{"line":104,"column":8},"end":{"line":104,"column":94}},"50":{"start":{"line":105,"column":8},"end":{"line":105,"column":104}},"51":{"start":{"line":109,"column":4},"end":{"line":116,"column":6}},"52":{"start":{"line":110,"column":6},"end":{"line":110,"column":46}},"53":{"start":{"line":112,"column":6},"end":{"line":115,"column":9}},"54":{"start":{"line":113,"column":8},"end":{"line":113,"column":96}},"55":{"start":{"line":114,"column":8},"end":{"line":114,"column":106}},"56":{"start":{"line":120,"column":2},"end":{"line":147,"column":5}},"57":{"start":{"line":129,"column":6},"end":{"line":129,"column":120}},"58":{"start":{"line":134,"column":6},"end":{"line":140,"column":7}},"59":{"start":{"line":135,"column":8},"end":{"line":139,"column":11}},"60":{"start":{"line":136,"column":10},"end":{"line":136,"column":37}},"61":{"start":{"line":137,"column":10},"end":{"line":137,"column":39}},"62":{"start":{"line":138,"column":10},"end":{"line":138,"column":82}},"63":{"start":{"line":143,"column":6},"end":{"line":145,"column":9}},"64":{"start":{"line":144,"column":8},"end":{"line":144,"column":80}},"65":{"start":{"line":149,"column":2},"end":{"line":149,"column":19}}},"branchMap":{"1":{"line":28,"type":"binary-expr","locations":[{"start":{"line":28,"column":29},"end":{"line":28,"column":50}},{"start":{"line":28,"column":54},"end":{"line":28,"column":56}}]},"2":{"line":54,"type":"if","locations":[{"start":{"line":54,"column":6},"end":{"line":54,"column":6}},{"start":{"line":54,"column":6},"end":{"line":54,"column":6}}]},"3":{"line":66,"type":"if","locations":[{"start":{"line":66,"column":6},"end":{"line":66,"column":6}},{"start":{"line":66,"column":6},"end":{"line":66,"column":6}}]},"4":{"line":134,"type":"if","locations":[{"start":{"line":134,"column":6},"end":{"line":134,"column":6}},{"start":{"line":134,"column":6},"end":{"line":134,"column":6}}]}}},"./src/marionette.behavior.js":{"path":"./src/marionette.behavior.js","s":{"1":1,"2":1,"3":9,"4":9,"5":9,"6":9,"7":3,"8":9,"9":0,"10":9,"11":1,"12":1,"13":1},"b":{"1":[9,9]},"f":{"1":1,"2":9,"3":3,"4":0,"5":8},"fnMap":{"1":{"name":"(anonymous_1)","line":1,"loc":{"start":{"line":1,"column":23},"end":{"line":1,"column":44}}},"2":{"name":"Behavior","line":2,"loc":{"start":{"line":2,"column":2},"end":{"line":2,"column":34}}},"3":{"name":"(anonymous_3)","line":8,"loc":{"start":{"line":8,"column":13},"end":{"line":8,"column":24}}},"4":{"name":"(anonymous_4)","line":13,"loc":{"start":{"line":13,"column":15},"end":{"line":13,"column":26}}},"5":{"name":"(anonymous_5)","line":21,"loc":{"start":{"line":21,"column":16},"end":{"line":21,"column":26}}}},"statementMap":{"1":{"start":{"line":1,"column":0},"end":{"line":30,"column":16}},"2":{"start":{"line":2,"column":2},"end":{"line":18,"column":3}},"3":{"start":{"line":3,"column":4},"end":{"line":3,"column":21}},"4":{"start":{"line":4,"column":4},"end":{"line":4,"column":53}},"5":{"start":{"line":5,"column":4},"end":{"line":5,"column":57}},"6":{"start":{"line":8,"column":4},"end":{"line":10,"column":6}},"7":{"start":{"line":9,"column":6},"end":{"line":9,"column":53}},"8":{"start":{"line":13,"column":4},"end":{"line":15,"column":6}},"9":{"start":{"line":14,"column":6},"end":{"line":14,"column":55}},"10":{"start":{"line":17,"column":4},"end":{"line":17,"column":43}},"11":{"start":{"line":20,"column":2},"end":{"line":22,"column":5}},"12":{"start":{"line":25,"column":2},"end":{"line":27,"column":5}},"13":{"start":{"line":29,"column":2},"end":{"line":29,"column":18}}},"branchMap":{"1":{"line":4,"type":"binary-expr","locations":[{"start":{"line":4,"column":20},"end":{"line":4,"column":46}},{"start":{"line":4,"column":50},"end":{"line":4,"column":52}}]}}},"./src/marionette.itemview.js":{"path":"./src/marionette.itemview.js","s":{"1":1,"2":385,"3":132,"4":132,"5":79,"6":53,"7":2,"8":132,"9":132,"10":132,"11":132,"12":132,"13":132,"14":132,"15":132,"16":131,"17":131,"18":131,"19":131,"20":131,"21":95,"22":2,"23":93,"24":93,"25":93},"b":{"1":[79,53],"2":[2,51],"3":[2,93]},"f":{"1":385,"2":132,"3":132,"4":95},"fnMap":{"1":{"name":"(anonymous_1)","line":11,"loc":{"start":{"line":11,"column":15},"end":{"line":11,"column":25}}},"2":{"name":"(anonymous_2)","line":21,"loc":{"start":{"line":21,"column":17},"end":{"line":21,"column":27}}},"3":{"name":"(anonymous_3)","line":39,"loc":{"start":{"line":39,"column":10},"end":{"line":39,"column":20}}},"4":{"name":"(anonymous_4)","line":62,"loc":{"start":{"line":62,"column":9},"end":{"line":62,"column":19}}}},"statementMap":{"1":{"start":{"line":7,"column":0},"end":{"line":71,"column":3}},"2":{"start":{"line":12,"column":4},"end":{"line":12,"column":65}},"3":{"start":{"line":22,"column":4},"end":{"line":22,"column":18}},"4":{"start":{"line":24,"column":4},"end":{"line":29,"column":5}},"5":{"start":{"line":25,"column":6},"end":{"line":25,"column":33}},"6":{"start":{"line":27,"column":9},"end":{"line":29,"column":5}},"7":{"start":{"line":28,"column":6},"end":{"line":28,"column":49}},"8":{"start":{"line":31,"column":4},"end":{"line":31,"column":16}},"9":{"start":{"line":40,"column":4},"end":{"line":40,"column":26}},"10":{"start":{"line":42,"column":4},"end":{"line":42,"column":46}},"11":{"start":{"line":43,"column":4},"end":{"line":43,"column":51}},"12":{"start":{"line":45,"column":4},"end":{"line":45,"column":36}},"13":{"start":{"line":46,"column":4},"end":{"line":46,"column":43}},"14":{"start":{"line":48,"column":4},"end":{"line":48,"column":38}},"15":{"start":{"line":49,"column":4},"end":{"line":49,"column":58}},"16":{"start":{"line":51,"column":4},"end":{"line":51,"column":24}},"17":{"start":{"line":52,"column":4},"end":{"line":52,"column":26}},"18":{"start":{"line":54,"column":4},"end":{"line":54,"column":39}},"19":{"start":{"line":55,"column":4},"end":{"line":55,"column":46}},"20":{"start":{"line":57,"column":4},"end":{"line":57,"column":16}},"21":{"start":{"line":63,"column":4},"end":{"line":63,"column":33}},"22":{"start":{"line":63,"column":24},"end":{"line":63,"column":31}},"23":{"start":{"line":65,"column":4},"end":{"line":65,"column":44}},"24":{"start":{"line":67,"column":4},"end":{"line":67,"column":59}},"25":{"start":{"line":69,"column":4},"end":{"line":69,"column":38}}},"branchMap":{"1":{"line":24,"type":"if","locations":[{"start":{"line":24,"column":4},"end":{"line":24,"column":4}},{"start":{"line":24,"column":4},"end":{"line":24,"column":4}}]},"2":{"line":27,"type":"if","locations":[{"start":{"line":27,"column":9},"end":{"line":27,"column":9}},{"start":{"line":27,"column":9},"end":{"line":27,"column":9}}]},"3":{"line":63,"type":"if","locations":[{"start":{"line":63,"column":4},"end":{"line":63,"column":4}},{"start":{"line":63,"column":4},"end":{"line":63,"column":4}}]}}},"./src/marionette.collectionview.js":{"path":"./src/marionette.collectionview.js","s":{"1":1,"2":169,"3":169,"4":169,"5":169,"6":527,"7":527,"8":180,"9":180,"10":179,"11":179,"12":178,"13":178,"14":178,"15":2,"16":2,"17":2,"18":110,"19":101,"20":101,"21":101,"22":18,"23":18,"24":18,"25":18,"26":9,"27":9,"28":177,"29":177,"30":174,"31":174,"32":121,"33":121,"34":121,"35":120,"36":120,"37":180,"38":180,"39":180,"40":180,"41":134,"42":46,"43":179,"44":134,"45":134,"46":207,"47":206,"48":108,"49":108,"50":25,"51":25,"52":25,"53":198,"54":10,"55":10,"56":106,"57":156,"58":156,"59":1,"60":155,"61":252,"62":252,"63":4,"64":252,"65":252,"66":252,"67":252,"68":252,"69":252,"70":4,"71":252,"72":252,"73":252,"74":252,"75":373,"76":373,"77":373,"78":373,"79":373,"80":373,"81":3,"82":373,"83":373,"84":1,"85":372,"86":252,"87":252,"88":252,"89":252,"90":9,"91":9,"92":9,"93":69,"94":68,"95":68,"96":67,"97":1,"98":1,"99":68,"100":69,"101":396,"102":220,"103":62,"104":120,"105":178,"106":153,"107":153,"108":25,"109":169,"110":24,"111":4,"112":20,"113":20,"114":20,"115":20,"116":211,"117":60,"118":211},"b":{"1":[2,176],"2":[101,9],"3":[134,46],"4":[25,83],"5":[108,47],"6":[10,188],"7":[1,155],"8":[4,248],"9":[4,248],"10":[252,6],"11":[3,370],"12":[373,373],"13":[1,372],"14":[68,1],"15":[67,1],"16":[1,0],"17":[396,366],"18":[62,158],"19":[153,25],"20":[4,20]},"f":{"1":169,"2":527,"3":180,"4":179,"5":178,"6":2,"7":110,"8":18,"9":9,"10":9,"11":177,"12":174,"13":121,"14":180,"15":134,"16":207,"17":108,"18":198,"19":106,"20":156,"21":252,"22":252,"23":373,"24":373,"25":252,"26":252,"27":9,"28":69,"29":396,"30":220,"31":120,"32":178,"33":169,"34":24,"35":211,"36":60},"fnMap":{"1":{"name":"(anonymous_1)","line":12,"loc":{"start":{"line":12,"column":15},"end":{"line":12,"column":32}}},"2":{"name":"(anonymous_2)","line":24,"loc":{"start":{"line":24,"column":20},"end":{"line":24,"column":31}}},"3":{"name":"(anonymous_3)","line":29,"loc":{"start":{"line":29,"column":18},"end":{"line":29,"column":29}}},"4":{"name":"(anonymous_4)","line":34,"loc":{"start":{"line":34,"column":16},"end":{"line":34,"column":27}}},"5":{"name":"(anonymous_5)","line":41,"loc":{"start":{"line":41,"column":32},"end":{"line":41,"column":44}}},"6":{"name":"(anonymous_6)","line":43,"loc":{"start":{"line":43,"column":37},"end":{"line":43,"column":54}}},"7":{"name":"(anonymous_7)","line":52,"loc":{"start":{"line":52,"column":18},"end":{"line":52,"column":28}}},"8":{"name":"(anonymous_8)","line":61,"loc":{"start":{"line":61,"column":16},"end":{"line":61,"column":51}}},"9":{"name":"(anonymous_9)","line":70,"loc":{"start":{"line":70,"column":16},"end":{"line":70,"column":26}}},"10":{"name":"(anonymous_10)","line":71,"loc":{"start":{"line":71,"column":23},"end":{"line":71,"column":38}}},"11":{"name":"(anonymous_11)","line":78,"loc":{"start":{"line":78,"column":23},"end":{"line":78,"column":33}}},"12":{"name":"(anonymous_12)","line":85,"loc":{"start":{"line":85,"column":19},"end":{"line":85,"column":29}}},"13":{"name":"(anonymous_13)","line":93,"loc":{"start":{"line":93,"column":10},"end":{"line":93,"column":20}}},"14":{"name":"(anonymous_14)","line":104,"loc":{"start":{"line":104,"column":19},"end":{"line":104,"column":29}}},"15":{"name":"(anonymous_15)","line":121,"loc":{"start":{"line":121,"column":18},"end":{"line":121,"column":28}}},"16":{"name":"(anonymous_16)","line":123,"loc":{"start":{"line":123,"column":25},"end":{"line":123,"column":46}}},"17":{"name":"(anonymous_17)","line":132,"loc":{"start":{"line":132,"column":17},"end":{"line":132,"column":27}}},"18":{"name":"(anonymous_18)","line":145,"loc":{"start":{"line":145,"column":18},"end":{"line":145,"column":28}}},"19":{"name":"(anonymous_19)","line":153,"loc":{"start":{"line":153,"column":16},"end":{"line":153,"column":26}}},"20":{"name":"(anonymous_20)","line":160,"loc":{"start":{"line":160,"column":15},"end":{"line":160,"column":29}}},"21":{"name":"(anonymous_21)","line":172,"loc":{"start":{"line":172,"column":15},"end":{"line":172,"column":46}}},"22":{"name":"(anonymous_22)","line":209,"loc":{"start":{"line":209,"column":31},"end":{"line":209,"column":45}}},"23":{"name":"(anonymous_23)","line":214,"loc":{"start":{"line":214,"column":31},"end":{"line":214,"column":41}}},"24":{"name":"(anonymous_24)","line":232,"loc":{"start":{"line":232,"column":17},"end":{"line":232,"column":28}}},"25":{"name":"(anonymous_25)","line":241,"loc":{"start":{"line":241,"column":18},"end":{"line":241,"column":40}}},"26":{"name":"(anonymous_26)","line":247,"loc":{"start":{"line":247,"column":17},"end":{"line":247,"column":62}}},"27":{"name":"(anonymous_27)","line":253,"loc":{"start":{"line":253,"column":18},"end":{"line":253,"column":32}}},"28":{"name":"(anonymous_28)","line":260,"loc":{"start":{"line":260,"column":19},"end":{"line":260,"column":33}}},"29":{"name":"(anonymous_29)","line":278,"loc":{"start":{"line":278,"column":11},"end":{"line":278,"column":31}}},"30":{"name":"(anonymous_30)","line":284,"loc":{"start":{"line":284,"column":14},"end":{"line":284,"column":25}}},"31":{"name":"(anonymous_31)","line":291,"loc":{"start":{"line":291,"column":16},"end":{"line":291,"column":49}}},"32":{"name":"(anonymous_32)","line":298,"loc":{"start":{"line":298,"column":14},"end":{"line":298,"column":55}}},"33":{"name":"(anonymous_33)","line":315,"loc":{"start":{"line":315,"column":25},"end":{"line":315,"column":35}}},"34":{"name":"(anonymous_34)","line":321,"loc":{"start":{"line":321,"column":9},"end":{"line":321,"column":19}}},"35":{"name":"(anonymous_35)","line":333,"loc":{"start":{"line":333,"column":17},"end":{"line":333,"column":27}}},"36":{"name":"(anonymous_36)","line":334,"loc":{"start":{"line":334,"column":23},"end":{"line":334,"column":38}}}},"statementMap":{"1":{"start":{"line":6,"column":0},"end":{"line":339,"column":3}},"2":{"start":{"line":13,"column":4},"end":{"line":13,"column":33}},"3":{"start":{"line":15,"column":4},"end":{"line":15,"column":65}},"4":{"start":{"line":17,"column":4},"end":{"line":17,"column":26}},"5":{"start":{"line":18,"column":4},"end":{"line":18,"column":28}},"6":{"start":{"line":25,"column":4},"end":{"line":25,"column":54}},"7":{"start":{"line":26,"column":4},"end":{"line":26,"column":32}},"8":{"start":{"line":30,"column":4},"end":{"line":30,"column":28}},"9":{"start":{"line":31,"column":4},"end":{"line":31,"column":28}},"10":{"start":{"line":35,"column":4},"end":{"line":35,"column":29}},"11":{"start":{"line":36,"column":4},"end":{"line":36,"column":43}},"12":{"start":{"line":37,"column":4},"end":{"line":37,"column":40}},"13":{"start":{"line":38,"column":4},"end":{"line":38,"column":28}},"14":{"start":{"line":42,"column":4},"end":{"line":47,"column":5}},"15":{"start":{"line":43,"column":6},"end":{"line":45,"column":9}},"16":{"start":{"line":44,"column":8},"end":{"line":44,"column":53}},"17":{"start":{"line":46,"column":6},"end":{"line":46,"column":34}},"18":{"start":{"line":53,"column":4},"end":{"line":57,"column":5}},"19":{"start":{"line":54,"column":6},"end":{"line":54,"column":63}},"20":{"start":{"line":55,"column":6},"end":{"line":55,"column":68}},"21":{"start":{"line":56,"column":6},"end":{"line":56,"column":59}},"22":{"start":{"line":62,"column":4},"end":{"line":62,"column":26}},"23":{"start":{"line":63,"column":4},"end":{"line":63,"column":42}},"24":{"start":{"line":64,"column":4},"end":{"line":64,"column":46}},"25":{"start":{"line":65,"column":4},"end":{"line":65,"column":44}},"26":{"start":{"line":71,"column":4},"end":{"line":73,"column":7}},"27":{"start":{"line":72,"column":6},"end":{"line":72,"column":51}},"28":{"start":{"line":79,"column":4},"end":{"line":79,"column":46}},"29":{"start":{"line":80,"column":4},"end":{"line":80,"column":57}},"30":{"start":{"line":86,"column":4},"end":{"line":86,"column":39}},"31":{"start":{"line":87,"column":4},"end":{"line":87,"column":52}},"32":{"start":{"line":94,"column":4},"end":{"line":94,"column":26}},"33":{"start":{"line":95,"column":4},"end":{"line":95,"column":31}},"34":{"start":{"line":96,"column":4},"end":{"line":96,"column":27}},"35":{"start":{"line":97,"column":4},"end":{"line":97,"column":27}},"36":{"start":{"line":98,"column":4},"end":{"line":98,"column":16}},"37":{"start":{"line":105,"column":4},"end":{"line":105,"column":26}},"38":{"start":{"line":107,"column":4},"end":{"line":107,"column":26}},"39":{"start":{"line":108,"column":4},"end":{"line":108,"column":25}},"40":{"start":{"line":110,"column":4},"end":{"line":114,"column":5}},"41":{"start":{"line":111,"column":6},"end":{"line":111,"column":28}},"42":{"start":{"line":113,"column":6},"end":{"line":113,"column":27}},"43":{"start":{"line":116,"column":4},"end":{"line":116,"column":24}},"44":{"start":{"line":122,"column":4},"end":{"line":122,"column":17}},"45":{"start":{"line":123,"column":4},"end":{"line":126,"column":13}},"46":{"start":{"line":124,"column":6},"end":{"line":124,"column":40}},"47":{"start":{"line":125,"column":6},"end":{"line":125,"column":46}},"48":{"start":{"line":133,"column":4},"end":{"line":133,"column":40}},"49":{"start":{"line":135,"column":4},"end":{"line":139,"column":5}},"50":{"start":{"line":136,"column":6},"end":{"line":136,"column":36}},"51":{"start":{"line":137,"column":6},"end":{"line":137,"column":39}},"52":{"start":{"line":138,"column":6},"end":{"line":138,"column":44}},"53":{"start":{"line":146,"column":4},"end":{"line":149,"column":5}},"54":{"start":{"line":147,"column":6},"end":{"line":147,"column":27}},"55":{"start":{"line":148,"column":6},"end":{"line":148,"column":36}},"56":{"start":{"line":154,"column":4},"end":{"line":154,"column":51}},"57":{"start":{"line":161,"column":4},"end":{"line":161,"column":58}},"58":{"start":{"line":163,"column":4},"end":{"line":165,"column":5}},"59":{"start":{"line":164,"column":6},"end":{"line":164,"column":71}},"60":{"start":{"line":167,"column":4},"end":{"line":167,"column":20}},"61":{"start":{"line":174,"column":4},"end":{"line":174,"column":72}},"62":{"start":{"line":175,"column":4},"end":{"line":177,"column":5}},"63":{"start":{"line":176,"column":6},"end":{"line":176,"column":64}},"64":{"start":{"line":180,"column":4},"end":{"line":180,"column":67}},"65":{"start":{"line":183,"column":4},"end":{"line":183,"column":43}},"66":{"start":{"line":186,"column":4},"end":{"line":186,"column":50}},"67":{"start":{"line":190,"column":4},"end":{"line":190,"column":28}},"68":{"start":{"line":193,"column":4},"end":{"line":193,"column":37}},"69":{"start":{"line":197,"column":4},"end":{"line":199,"column":5}},"70":{"start":{"line":198,"column":6},"end":{"line":198,"column":50}},"71":{"start":{"line":202,"column":4},"end":{"line":202,"column":49}},"72":{"start":{"line":204,"column":4},"end":{"line":204,"column":16}},"73":{"start":{"line":210,"column":4},"end":{"line":210,"column":67}},"74":{"start":{"line":214,"column":4},"end":{"line":228,"column":13}},"75":{"start":{"line":215,"column":6},"end":{"line":215,"column":39}},"76":{"start":{"line":216,"column":6},"end":{"line":216,"column":30}},"77":{"start":{"line":217,"column":6},"end":{"line":217,"column":67}},"78":{"start":{"line":219,"column":6},"end":{"line":219,"column":41}},"79":{"start":{"line":220,"column":6},"end":{"line":220,"column":30}},"80":{"start":{"line":223,"column":6},"end":{"line":225,"column":7}},"81":{"start":{"line":224,"column":8},"end":{"line":224,"column":48}},"82":{"start":{"line":227,"column":6},"end":{"line":227,"column":49}},"83":{"start":{"line":233,"column":4},"end":{"line":235,"column":5}},"84":{"start":{"line":234,"column":6},"end":{"line":234,"column":40}},"85":{"start":{"line":237,"column":4},"end":{"line":237,"column":27}},"86":{"start":{"line":242,"column":4},"end":{"line":242,"column":18}},"87":{"start":{"line":243,"column":4},"end":{"line":243,"column":39}},"88":{"start":{"line":248,"column":4},"end":{"line":248,"column":59}},"89":{"start":{"line":249,"column":4},"end":{"line":249,"column":37}},"90":{"start":{"line":254,"column":4},"end":{"line":254,"column":47}},"91":{"start":{"line":255,"column":4},"end":{"line":255,"column":31}},"92":{"start":{"line":256,"column":4},"end":{"line":256,"column":22}},"93":{"start":{"line":264,"column":4},"end":{"line":272,"column":5}},"94":{"start":{"line":265,"column":6},"end":{"line":265,"column":31}},"95":{"start":{"line":268,"column":6},"end":{"line":269,"column":46}},"96":{"start":{"line":268,"column":24},"end":{"line":268,"column":37}},"97":{"start":{"line":269,"column":11},"end":{"line":269,"column":46}},"98":{"start":{"line":269,"column":30},"end":{"line":269,"column":44}},"99":{"start":{"line":271,"column":6},"end":{"line":271,"column":33}},"100":{"start":{"line":274,"column":4},"end":{"line":274,"column":45}},"101":{"start":{"line":280,"column":4},"end":{"line":280,"column":60}},"102":{"start":{"line":285,"column":4},"end":{"line":287,"column":5}},"103":{"start":{"line":286,"column":6},"end":{"line":286,"column":27}},"104":{"start":{"line":292,"column":4},"end":{"line":292,"column":38}},"105":{"start":{"line":299,"column":4},"end":{"line":310,"column":5}},"106":{"start":{"line":303,"column":6},"end":{"line":303,"column":55}},"107":{"start":{"line":304,"column":6},"end":{"line":304,"column":54}},"108":{"start":{"line":309,"column":6},"end":{"line":309,"column":45}},"109":{"start":{"line":316,"column":4},"end":{"line":316,"column":54}},"110":{"start":{"line":322,"column":4},"end":{"line":322,"column":33}},"111":{"start":{"line":322,"column":24},"end":{"line":322,"column":31}},"112":{"start":{"line":324,"column":4},"end":{"line":324,"column":50}},"113":{"start":{"line":325,"column":4},"end":{"line":325,"column":25}},"114":{"start":{"line":326,"column":4},"end":{"line":326,"column":44}},"115":{"start":{"line":328,"column":4},"end":{"line":328,"column":59}},"116":{"start":{"line":334,"column":4},"end":{"line":336,"column":13}},"117":{"start":{"line":335,"column":6},"end":{"line":335,"column":34}},"118":{"start":{"line":337,"column":4},"end":{"line":337,"column":22}}},"branchMap":{"1":{"line":42,"type":"if","locations":[{"start":{"line":42,"column":4},"end":{"line":42,"column":4}},{"start":{"line":42,"column":4},"end":{"line":42,"column":4}}]},"2":{"line":53,"type":"if","locations":[{"start":{"line":53,"column":4},"end":{"line":53,"column":4}},{"start":{"line":53,"column":4},"end":{"line":53,"column":4}}]},"3":{"line":110,"type":"if","locations":[{"start":{"line":110,"column":4},"end":{"line":110,"column":4}},{"start":{"line":110,"column":4},"end":{"line":110,"column":4}}]},"4":{"line":135,"type":"if","locations":[{"start":{"line":135,"column":4},"end":{"line":135,"column":4}},{"start":{"line":135,"column":4},"end":{"line":135,"column":4}}]},"5":{"line":135,"type":"binary-expr","locations":[{"start":{"line":135,"column":8},"end":{"line":135,"column":17}},{"start":{"line":135,"column":21},"end":{"line":135,"column":44}}]},"6":{"line":146,"type":"if","locations":[{"start":{"line":146,"column":4},"end":{"line":146,"column":4}},{"start":{"line":146,"column":4},"end":{"line":146,"column":4}}]},"7":{"line":163,"type":"if","locations":[{"start":{"line":163,"column":4},"end":{"line":163,"column":4}},{"start":{"line":163,"column":4},"end":{"line":163,"column":4}}]},"8":{"line":175,"type":"if","locations":[{"start":{"line":175,"column":4},"end":{"line":175,"column":4}},{"start":{"line":175,"column":4},"end":{"line":175,"column":4}}]},"9":{"line":197,"type":"if","locations":[{"start":{"line":197,"column":4},"end":{"line":197,"column":4}},{"start":{"line":197,"column":4},"end":{"line":197,"column":4}}]},"10":{"line":197,"type":"binary-expr","locations":[{"start":{"line":197,"column":8},"end":{"line":197,"column":21}},{"start":{"line":197,"column":25},"end":{"line":197,"column":42}}]},"11":{"line":223,"type":"if","locations":[{"start":{"line":223,"column":6},"end":{"line":223,"column":6}},{"start":{"line":223,"column":6},"end":{"line":223,"column":6}}]},"12":{"line":223,"type":"binary-expr","locations":[{"start":{"line":223,"column":10},"end":{"line":223,"column":43}},{"start":{"line":223,"column":47},"end":{"line":223,"column":82}}]},"13":{"line":233,"type":"if","locations":[{"start":{"line":233,"column":4},"end":{"line":233,"column":4}},{"start":{"line":233,"column":4},"end":{"line":233,"column":4}}]},"14":{"line":264,"type":"if","locations":[{"start":{"line":264,"column":4},"end":{"line":264,"column":4}},{"start":{"line":264,"column":4},"end":{"line":264,"column":4}}]},"15":{"line":268,"type":"if","locations":[{"start":{"line":268,"column":6},"end":{"line":268,"column":6}},{"start":{"line":268,"column":6},"end":{"line":268,"column":6}}]},"16":{"line":269,"type":"if","locations":[{"start":{"line":269,"column":11},"end":{"line":269,"column":11}},{"start":{"line":269,"column":11},"end":{"line":269,"column":11}}]},"17":{"line":280,"type":"binary-expr","locations":[{"start":{"line":280,"column":11},"end":{"line":280,"column":27}},{"start":{"line":280,"column":31},"end":{"line":280,"column":59}}]},"18":{"line":285,"type":"if","locations":[{"start":{"line":285,"column":4},"end":{"line":285,"column":4}},{"start":{"line":285,"column":4},"end":{"line":285,"column":4}}]},"19":{"line":299,"type":"if","locations":[{"start":{"line":299,"column":4},"end":{"line":299,"column":4}},{"start":{"line":299,"column":4},"end":{"line":299,"column":4}}]},"20":{"line":322,"type":"if","locations":[{"start":{"line":322,"column":4},"end":{"line":322,"column":4}},{"start":{"line":322,"column":4},"end":{"line":322,"column":4}}]}}},"./src/marionette.compositeview.js":{"path":"./src/marionette.compositeview.js","s":{"1":1,"2":60,"3":59,"4":49,"5":41,"6":41,"7":41,"8":71,"9":71,"10":0,"11":71,"12":56,"13":56,"14":42,"15":56,"16":56,"17":56,"18":56,"19":56,"20":56,"21":55,"22":55,"23":55,"24":55,"25":54,"26":54,"27":54,"28":59,"29":59,"30":59,"31":58,"32":56,"33":56,"34":56,"35":56,"36":56,"37":59,"38":58,"39":52,"40":52,"41":52,"42":0,"43":0,"44":59,"45":4,"46":55,"47":55,"48":55,"49":7,"50":7,"51":7,"52":1,"53":48,"54":54,"55":54,"56":56,"57":4},"b":{"1":[41,8],"2":[71,6],"3":[0,71],"4":[42,14],"5":[59,0],"6":[52,0],"7":[4,55],"8":[7,48],"9":[1,6],"10":[1,6],"11":[4,52]},"f":{"1":60,"2":59,"3":49,"4":71,"5":56,"6":56,"7":59,"8":56,"9":59,"10":52,"11":59,"12":56},"fnMap":{"1":{"name":"(anonymous_1)","line":11,"loc":{"start":{"line":11,"column":15},"end":{"line":11,"column":25}}},"2":{"name":"(anonymous_2)","line":18,"loc":{"start":{"line":18,"column":18},"end":{"line":18,"column":28}}},"3":{"name":"(anonymous_3)","line":22,"loc":{"start":{"line":22,"column":24},"end":{"line":22,"column":36}}},"4":{"name":"(anonymous_4)","line":36,"loc":{"start":{"line":36,"column":15},"end":{"line":36,"column":29}}},"5":{"name":"(anonymous_5)","line":49,"loc":{"start":{"line":49,"column":17},"end":{"line":49,"column":27}}},"6":{"name":"(anonymous_6)","line":62,"loc":{"start":{"line":62,"column":10},"end":{"line":62,"column":20}}},"7":{"name":"(anonymous_7)","line":83,"loc":{"start":{"line":83,"column":19},"end":{"line":83,"column":29}}},"8":{"name":"(anonymous_8)","line":94,"loc":{"start":{"line":94,"column":15},"end":{"line":94,"column":25}}},"9":{"name":"(anonymous_9)","line":105,"loc":{"start":{"line":105,"column":16},"end":{"line":105,"column":48}}},"10":{"name":"(anonymous_10)","line":114,"loc":{"start":{"line":114,"column":14},"end":{"line":114,"column":54}}},"11":{"name":"(anonymous_11)","line":130,"loc":{"start":{"line":130,"column":24},"end":{"line":130,"column":47}}},"12":{"name":"(anonymous_12)","line":154,"loc":{"start":{"line":154,"column":26},"end":{"line":154,"column":36}}}},"statementMap":{"1":{"start":{"line":7,"column":0},"end":{"line":159,"column":3}},"2":{"start":{"line":12,"column":4},"end":{"line":12,"column":75}},"3":{"start":{"line":22,"column":4},"end":{"line":28,"column":7}},"4":{"start":{"line":23,"column":6},"end":{"line":27,"column":7}},"5":{"start":{"line":24,"column":8},"end":{"line":24,"column":65}},"6":{"start":{"line":25,"column":8},"end":{"line":25,"column":70}},"7":{"start":{"line":26,"column":8},"end":{"line":26,"column":70}},"8":{"start":{"line":37,"column":4},"end":{"line":37,"column":78}},"9":{"start":{"line":39,"column":4},"end":{"line":41,"column":5}},"10":{"start":{"line":40,"column":6},"end":{"line":40,"column":71}},"11":{"start":{"line":43,"column":4},"end":{"line":43,"column":20}},"12":{"start":{"line":50,"column":4},"end":{"line":50,"column":18}},"13":{"start":{"line":52,"column":4},"end":{"line":54,"column":5}},"14":{"start":{"line":53,"column":6},"end":{"line":53,"column":33}},"15":{"start":{"line":56,"column":4},"end":{"line":56,"column":16}},"16":{"start":{"line":63,"column":4},"end":{"line":63,"column":27}},"17":{"start":{"line":64,"column":4},"end":{"line":64,"column":26}},"18":{"start":{"line":65,"column":4},"end":{"line":65,"column":34}},"19":{"start":{"line":67,"column":4},"end":{"line":67,"column":31}},"20":{"start":{"line":68,"column":4},"end":{"line":68,"column":34}},"21":{"start":{"line":69,"column":4},"end":{"line":69,"column":24}},"22":{"start":{"line":73,"column":4},"end":{"line":73,"column":26}},"23":{"start":{"line":74,"column":4},"end":{"line":74,"column":51}},"24":{"start":{"line":76,"column":4},"end":{"line":76,"column":27}},"25":{"start":{"line":78,"column":4},"end":{"line":78,"column":45}},"26":{"start":{"line":79,"column":4},"end":{"line":79,"column":27}},"27":{"start":{"line":80,"column":4},"end":{"line":80,"column":16}},"28":{"start":{"line":84,"column":4},"end":{"line":88,"column":5}},"29":{"start":{"line":85,"column":6},"end":{"line":85,"column":63}},"30":{"start":{"line":86,"column":6},"end":{"line":86,"column":69}},"31":{"start":{"line":87,"column":6},"end":{"line":87,"column":58}},"32":{"start":{"line":95,"column":4},"end":{"line":95,"column":18}},"33":{"start":{"line":96,"column":4},"end":{"line":96,"column":32}},"34":{"start":{"line":97,"column":4},"end":{"line":97,"column":43}},"35":{"start":{"line":99,"column":4},"end":{"line":99,"column":38}},"36":{"start":{"line":100,"column":4},"end":{"line":100,"column":54}},"37":{"start":{"line":106,"column":4},"end":{"line":106,"column":62}},"38":{"start":{"line":107,"column":4},"end":{"line":107,"column":30}},"39":{"start":{"line":115,"column":4},"end":{"line":124,"column":5}},"40":{"start":{"line":116,"column":6},"end":{"line":116,"column":54}},"41":{"start":{"line":117,"column":6},"end":{"line":117,"column":53}},"42":{"start":{"line":122,"column":6},"end":{"line":122,"column":64}},"43":{"start":{"line":123,"column":6},"end":{"line":123,"column":37}},"44":{"start":{"line":131,"column":4},"end":{"line":133,"column":5}},"45":{"start":{"line":132,"column":6},"end":{"line":132,"column":46}},"46":{"start":{"line":135,"column":4},"end":{"line":135,"column":18}},"47":{"start":{"line":136,"column":4},"end":{"line":136,"column":85}},"48":{"start":{"line":137,"column":4},"end":{"line":147,"column":5}},"49":{"start":{"line":139,"column":6},"end":{"line":139,"column":104}},"50":{"start":{"line":140,"column":6},"end":{"line":140,"column":44}},"51":{"start":{"line":141,"column":6},"end":{"line":143,"column":7}},"52":{"start":{"line":142,"column":8},"end":{"line":142,"column":139}},"53":{"start":{"line":146,"column":6},"end":{"line":146,"column":36}},"54":{"start":{"line":149,"column":4},"end":{"line":149,"column":49}},"55":{"start":{"line":150,"column":4},"end":{"line":150,"column":21}},"56":{"start":{"line":155,"column":4},"end":{"line":157,"column":5}},"57":{"start":{"line":156,"column":6},"end":{"line":156,"column":37}}},"branchMap":{"1":{"line":23,"type":"if","locations":[{"start":{"line":23,"column":6},"end":{"line":23,"column":6}},{"start":{"line":23,"column":6},"end":{"line":23,"column":6}}]},"2":{"line":37,"type":"binary-expr","locations":[{"start":{"line":37,"column":19},"end":{"line":37,"column":57}},{"start":{"line":37,"column":61},"end":{"line":37,"column":77}}]},"3":{"line":39,"type":"if","locations":[{"start":{"line":39,"column":4},"end":{"line":39,"column":4}},{"start":{"line":39,"column":4},"end":{"line":39,"column":4}}]},"4":{"line":52,"type":"if","locations":[{"start":{"line":52,"column":4},"end":{"line":52,"column":4}},{"start":{"line":52,"column":4},"end":{"line":52,"column":4}}]},"5":{"line":84,"type":"if","locations":[{"start":{"line":84,"column":4},"end":{"line":84,"column":4}},{"start":{"line":84,"column":4},"end":{"line":84,"column":4}}]},"6":{"line":115,"type":"if","locations":[{"start":{"line":115,"column":4},"end":{"line":115,"column":4}},{"start":{"line":115,"column":4},"end":{"line":115,"column":4}}]},"7":{"line":131,"type":"if","locations":[{"start":{"line":131,"column":4},"end":{"line":131,"column":4}},{"start":{"line":131,"column":4},"end":{"line":131,"column":4}}]},"8":{"line":137,"type":"if","locations":[{"start":{"line":137,"column":4},"end":{"line":137,"column":4}},{"start":{"line":137,"column":4},"end":{"line":137,"column":4}}]},"9":{"line":139,"type":"cond-expr","locations":[{"start":{"line":139,"column":55},"end":{"line":139,"column":83}},{"start":{"line":139,"column":86},"end":{"line":139,"column":103}}]},"10":{"line":141,"type":"if","locations":[{"start":{"line":141,"column":6},"end":{"line":141,"column":6}},{"start":{"line":141,"column":6},"end":{"line":141,"column":6}}]},"11":{"line":155,"type":"if","locations":[{"start":{"line":155,"column":4},"end":{"line":155,"column":4}},{"start":{"line":155,"column":4},"end":{"line":155,"column":4}}]}}},"./src/marionette.region.js":{"path":"./src/marionette.region.js","s":{"1":1,"2":139,"3":139,"4":139,"5":1,"6":138,"7":1,"8":1,"9":1,"10":111,"11":111,"12":111,"13":111,"14":111,"15":0,"16":111,"17":111,"18":22,"19":111,"20":87,"21":87,"22":111,"23":2,"24":111,"25":40,"26":111,"27":69,"28":69,"29":111,"30":24,"31":111,"32":111,"33":111,"34":69,"35":36,"36":36,"37":35,"38":36,"39":111,"40":1,"41":83,"42":83,"43":83,"44":83,"45":77,"46":83,"47":83,"48":80,"49":83,"50":83,"51":83,"52":88,"53":78,"54":42,"55":77,"56":145,"57":145,"58":105,"59":40,"60":18,"61":22,"62":22,"63":40,"64":40,"65":3,"66":17,"67":17,"68":1},"b":{"1":[139,24],"2":[1,138],"3":[1,137],"4":[0,111],"5":[111,109,87],"6":[22,89],"7":[87,24],"8":[2,109],"9":[40,71],"10":[111,109],"11":[69,42],"12":[24,87],"13":[111,89],"14":[69,42],"15":[35,1],"16":[83,80],"17":[77,6],"18":[80,3],"19":[83,6],"20":[78,10],"21":[88,10],"22":[105,40],"23":[145,41],"24":[18,22],"25":[22,0]},"f":{"1":139,"2":111,"3":36,"4":83,"5":88,"6":42,"7":77,"8":145,"9":3,"10":17},"fnMap":{"1":{"name":"(anonymous_1)","line":7,"loc":{"start":{"line":7,"column":20},"end":{"line":7,"column":37}}},"2":{"name":"(anonymous_2)","line":41,"loc":{"start":{"line":41,"column":15},"end":{"line":41,"column":56}}},"3":{"name":"(anonymous_3)","line":95,"loc":{"start":{"line":95,"column":21},"end":{"line":95,"column":40}}},"4":{"name":"(anonymous_4)","line":119,"loc":{"start":{"line":119,"column":8},"end":{"line":119,"column":22}}},"5":{"name":"(anonymous_5)","line":141,"loc":{"start":{"line":141,"column":12},"end":{"line":141,"column":22}}},"6":{"name":"(anonymous_6)","line":149,"loc":{"start":{"line":149,"column":9},"end":{"line":149,"column":27}}},"7":{"name":"(anonymous_7)","line":155,"loc":{"start":{"line":155,"column":8},"end":{"line":155,"column":22}}},"8":{"name":"(anonymous_8)","line":161,"loc":{"start":{"line":161,"column":9},"end":{"line":161,"column":19}}},"9":{"name":"(anonymous_9)","line":178,"loc":{"start":{"line":178,"column":14},"end":{"line":178,"column":28}}},"10":{"name":"(anonymous_10)","line":186,"loc":{"start":{"line":186,"column":9},"end":{"line":186,"column":19}}}},"statementMap":{"1":{"start":{"line":7,"column":0},"end":{"line":19,"column":2}},"2":{"start":{"line":8,"column":2},"end":{"line":8,"column":31}},"3":{"start":{"line":9,"column":2},"end":{"line":9,"column":45}},"4":{"start":{"line":11,"column":2},"end":{"line":13,"column":3}},"5":{"start":{"line":12,"column":4},"end":{"line":12,"column":71}},"6":{"start":{"line":15,"column":2},"end":{"line":18,"column":3}},"7":{"start":{"line":16,"column":4},"end":{"line":16,"column":54}},"8":{"start":{"line":17,"column":4},"end":{"line":17,"column":38}},"9":{"start":{"line":25,"column":0},"end":{"line":107,"column":3}},"10":{"start":{"line":42,"column":4},"end":{"line":42,"column":50}},"11":{"start":{"line":43,"column":4},"end":{"line":43,"column":67}},"12":{"start":{"line":44,"column":4},"end":{"line":44,"column":71}},"13":{"start":{"line":45,"column":4},"end":{"line":45,"column":50}},"14":{"start":{"line":47,"column":4},"end":{"line":49,"column":5}},"15":{"start":{"line":48,"column":6},"end":{"line":48,"column":117}},"16":{"start":{"line":51,"column":4},"end":{"line":51,"column":29}},"17":{"start":{"line":55,"column":4},"end":{"line":57,"column":5}},"18":{"start":{"line":56,"column":6},"end":{"line":56,"column":30}},"19":{"start":{"line":59,"column":4},"end":{"line":62,"column":5}},"20":{"start":{"line":60,"column":6},"end":{"line":60,"column":39}},"21":{"start":{"line":61,"column":6},"end":{"line":61,"column":35}},"22":{"start":{"line":66,"column":4},"end":{"line":68,"column":5}},"23":{"start":{"line":67,"column":6},"end":{"line":67,"column":32}},"24":{"start":{"line":70,"column":4},"end":{"line":72,"column":5}},"25":{"start":{"line":71,"column":6},"end":{"line":71,"column":37}},"26":{"start":{"line":74,"column":4},"end":{"line":77,"column":5}},"27":{"start":{"line":75,"column":6},"end":{"line":75,"column":43}},"28":{"start":{"line":76,"column":6},"end":{"line":76,"column":37}},"29":{"start":{"line":79,"column":4},"end":{"line":81,"column":5}},"30":{"start":{"line":80,"column":6},"end":{"line":80,"column":24}},"31":{"start":{"line":83,"column":4},"end":{"line":83,"column":31}},"32":{"start":{"line":86,"column":4},"end":{"line":86,"column":46}},"33":{"start":{"line":94,"column":4},"end":{"line":102,"column":5}},"34":{"start":{"line":95,"column":6},"end":{"line":101,"column":8}},"35":{"start":{"line":96,"column":8},"end":{"line":96,"column":45}},"36":{"start":{"line":97,"column":8},"end":{"line":99,"column":9}},"37":{"start":{"line":98,"column":10},"end":{"line":98,"column":32}},"38":{"start":{"line":100,"column":8},"end":{"line":100,"column":39}},"39":{"start":{"line":104,"column":4},"end":{"line":104,"column":18}},"40":{"start":{"line":112,"column":0},"end":{"line":190,"column":3}},"41":{"start":{"line":120,"column":4},"end":{"line":120,"column":20}},"42":{"start":{"line":122,"column":4},"end":{"line":122,"column":64}},"43":{"start":{"line":123,"column":4},"end":{"line":123,"column":52}},"44":{"start":{"line":125,"column":4},"end":{"line":127,"column":5}},"45":{"start":{"line":126,"column":6},"end":{"line":126,"column":19}},"46":{"start":{"line":129,"column":4},"end":{"line":129,"column":18}},"47":{"start":{"line":131,"column":4},"end":{"line":133,"column":5}},"48":{"start":{"line":132,"column":6},"end":{"line":132,"column":22}},"49":{"start":{"line":135,"column":4},"end":{"line":135,"column":28}},"50":{"start":{"line":137,"column":4},"end":{"line":137,"column":54}},"51":{"start":{"line":138,"column":4},"end":{"line":138,"column":48}},"52":{"start":{"line":142,"column":4},"end":{"line":144,"column":5}},"53":{"start":{"line":143,"column":6},"end":{"line":143,"column":37}},"54":{"start":{"line":150,"column":4},"end":{"line":150,"column":34}},"55":{"start":{"line":156,"column":4},"end":{"line":156,"column":37}},"56":{"start":{"line":162,"column":4},"end":{"line":162,"column":32}},"57":{"start":{"line":163,"column":4},"end":{"line":163,"column":42}},"58":{"start":{"line":163,"column":33},"end":{"line":163,"column":40}},"59":{"start":{"line":166,"column":4},"end":{"line":167,"column":44}},"60":{"start":{"line":166,"column":22},"end":{"line":166,"column":35}},"61":{"start":{"line":167,"column":9},"end":{"line":167,"column":44}},"62":{"start":{"line":167,"column":28},"end":{"line":167,"column":42}},"63":{"start":{"line":169,"column":4},"end":{"line":169,"column":55}},"64":{"start":{"line":171,"column":4},"end":{"line":171,"column":28}},"65":{"start":{"line":179,"column":4},"end":{"line":179,"column":28}},"66":{"start":{"line":187,"column":4},"end":{"line":187,"column":17}},"67":{"start":{"line":188,"column":4},"end":{"line":188,"column":20}},"68":{"start":{"line":193,"column":0},"end":{"line":193,"column":45}}},"branchMap":{"1":{"line":8,"type":"binary-expr","locations":[{"start":{"line":8,"column":17},"end":{"line":8,"column":24}},{"start":{"line":8,"column":28},"end":{"line":8,"column":30}}]},"2":{"line":11,"type":"if","locations":[{"start":{"line":11,"column":2},"end":{"line":11,"column":2}},{"start":{"line":11,"column":2},"end":{"line":11,"column":2}}]},"3":{"line":15,"type":"if","locations":[{"start":{"line":15,"column":2},"end":{"line":15,"column":2}},{"start":{"line":15,"column":2},"end":{"line":15,"column":2}}]},"4":{"line":47,"type":"if","locations":[{"start":{"line":47,"column":4},"end":{"line":47,"column":4}},{"start":{"line":47,"column":4},"end":{"line":47,"column":4}}]},"5":{"line":47,"type":"binary-expr","locations":[{"start":{"line":47,"column":8},"end":{"line":47,"column":21}},{"start":{"line":47,"column":25},"end":{"line":47,"column":40}},{"start":{"line":47,"column":44},"end":{"line":47,"column":67}}]},"6":{"line":55,"type":"if","locations":[{"start":{"line":55,"column":4},"end":{"line":55,"column":4}},{"start":{"line":55,"column":4},"end":{"line":55,"column":4}}]},"7":{"line":59,"type":"if","locations":[{"start":{"line":59,"column":4},"end":{"line":59,"column":4}},{"start":{"line":59,"column":4},"end":{"line":59,"column":4}}]},"8":{"line":66,"type":"if","locations":[{"start":{"line":66,"column":4},"end":{"line":66,"column":4}},{"start":{"line":66,"column":4},"end":{"line":66,"column":4}}]},"9":{"line":70,"type":"if","locations":[{"start":{"line":70,"column":4},"end":{"line":70,"column":4}},{"start":{"line":70,"column":4},"end":{"line":70,"column":4}}]},"10":{"line":70,"type":"binary-expr","locations":[{"start":{"line":70,"column":8},"end":{"line":70,"column":21}},{"start":{"line":70,"column":25},"end":{"line":70,"column":46}}]},"11":{"line":74,"type":"if","locations":[{"start":{"line":74,"column":4},"end":{"line":74,"column":4}},{"start":{"line":74,"column":4},"end":{"line":74,"column":4}}]},"12":{"line":79,"type":"if","locations":[{"start":{"line":79,"column":4},"end":{"line":79,"column":4}},{"start":{"line":79,"column":4},"end":{"line":79,"column":4}}]},"13":{"line":79,"type":"binary-expr","locations":[{"start":{"line":79,"column":8},"end":{"line":79,"column":22}},{"start":{"line":79,"column":26},"end":{"line":79,"column":38}}]},"14":{"line":94,"type":"if","locations":[{"start":{"line":94,"column":4},"end":{"line":94,"column":4}},{"start":{"line":94,"column":4},"end":{"line":94,"column":4}}]},"15":{"line":97,"type":"if","locations":[{"start":{"line":97,"column":8},"end":{"line":97,"column":8}},{"start":{"line":97,"column":8},"end":{"line":97,"column":8}}]},"16":{"line":122,"type":"binary-expr","locations":[{"start":{"line":122,"column":23},"end":{"line":122,"column":36}},{"start":{"line":122,"column":40},"end":{"line":122,"column":63}}]},"17":{"line":125,"type":"if","locations":[{"start":{"line":125,"column":4},"end":{"line":125,"column":4}},{"start":{"line":125,"column":4},"end":{"line":125,"column":4}}]},"18":{"line":131,"type":"if","locations":[{"start":{"line":131,"column":4},"end":{"line":131,"column":4}},{"start":{"line":131,"column":4},"end":{"line":131,"column":4}}]},"19":{"line":131,"type":"binary-expr","locations":[{"start":{"line":131,"column":8},"end":{"line":131,"column":23}},{"start":{"line":131,"column":27},"end":{"line":131,"column":39}}]},"20":{"line":142,"type":"if","locations":[{"start":{"line":142,"column":4},"end":{"line":142,"column":4}},{"start":{"line":142,"column":4},"end":{"line":142,"column":4}}]},"21":{"line":142,"type":"binary-expr","locations":[{"start":{"line":142,"column":8},"end":{"line":142,"column":17}},{"start":{"line":142,"column":21},"end":{"line":142,"column":42}}]},"22":{"line":163,"type":"if","locations":[{"start":{"line":163,"column":4},"end":{"line":163,"column":4}},{"start":{"line":163,"column":4},"end":{"line":163,"column":4}}]},"23":{"line":163,"type":"binary-expr","locations":[{"start":{"line":163,"column":8},"end":{"line":163,"column":13}},{"start":{"line":163,"column":17},"end":{"line":163,"column":30}}]},"24":{"line":166,"type":"if","locations":[{"start":{"line":166,"column":4},"end":{"line":166,"column":4}},{"start":{"line":166,"column":4},"end":{"line":166,"column":4}}]},"25":{"line":167,"type":"if","locations":[{"start":{"line":167,"column":9},"end":{"line":167,"column":9}},{"start":{"line":167,"column":9},"end":{"line":167,"column":9}}]}}},"./src/marionette.regionManager.js":{"path":"./src/marionette.regionManager.js","s":{"1":1,"2":1,"3":192,"4":192,"5":68,"6":68,"7":89,"8":68,"9":89,"10":85,"11":89,"12":89,"13":68,"14":117,"15":117,"16":117,"17":117,"18":117,"19":109,"20":8,"21":2,"22":6,"23":117,"24":117,"25":117,"26":17,"27":10,"28":10,"29":12,"30":19,"31":15,"32":19,"33":9,"34":9,"35":117,"36":117,"37":29,"38":29,"39":29,"40":29,"41":146,"42":1,"43":1,"44":23,"45":13,"46":13,"47":13,"48":1},"b":{"1":[68,21],"2":[85,4],"3":[109,8],"4":[117,95,95],"5":[2,6]},"f":{"1":1,"2":192,"3":68,"4":89,"5":117,"6":17,"7":10,"8":12,"9":19,"10":15,"11":19,"12":9,"13":117,"14":29,"15":146,"16":23,"17":13},"fnMap":{"1":{"name":"(anonymous_1)","line":5,"loc":{"start":{"line":5,"column":28},"end":{"line":5,"column":48}}},"2":{"name":"(anonymous_2)","line":8,"loc":{"start":{"line":8,"column":17},"end":{"line":8,"column":34}}},"3":{"name":"(anonymous_3)","line":16,"loc":{"start":{"line":16,"column":16},"end":{"line":16,"column":53}}},"4":{"name":"(anonymous_4)","line":19,"loc":{"start":{"line":19,"column":32},"end":{"line":19,"column":58}}},"5":{"name":"(anonymous_5)","line":37,"loc":{"start":{"line":37,"column":15},"end":{"line":37,"column":41}}},"6":{"name":"(anonymous_6)","line":58,"loc":{"start":{"line":58,"column":9},"end":{"line":58,"column":23}}},"7":{"name":"(anonymous_7)","line":63,"loc":{"start":{"line":63,"column":18},"end":{"line":63,"column":32}}},"8":{"name":"(anonymous_8)","line":70,"loc":{"start":{"line":70,"col
[...]
":{"start":{"line":58,"column":4},"end":{"line":60,"column":5}},"17":{"start":{"line":59,"column":6},"end":{"line":59,"column":80}},"18":{"start":{"line":62,"column":4},"end":{"line":62,"column":62}}},"branchMap":{"1":{"line":24,"type":"binary-expr","locations":[{"start":{"line":24,"column":19},"end":{"line":24,"column":26}},{"start":{"line":24,"column":30},"end":{"line":24,"column":32}}]},"2":{"line":42,"type":"if","locations":[{"start":{"line":42,"column":4},"end":{"line":42,"column":4}},{"start":{"line":42,"column":4},"end":{"line":42,"column":4}}]},"3":{"line":58,"type":"if","locations":[{"start":{"line":58,"column":4},"end":{"line":58,"column":4}},{"start":{"line":58,"column":4},"end":{"line":58,"column":4}}]}}},"./src/marionette.module.js":{"path":"./src/marionette.module.js","s":{"1":1,"2":154,"3":154,"4":154,"5":154,"6":154,"7":154,"8":154,"9":154,"10":154,"11":154,"12":1,"13":1,"14":96,"15":14,"16":140,"17":28,"18":112,"19":33,"20":29,"21":112,"22":112,"23":112,"24":112,"25":16,"26":2,"27":14,"28":14,"29":14,"30":12,"31":14,"32":14,"33":14,"34":14,"35":88,"36":88,"37":0,"38":88,"39":88,"40":154,"41":154,"42":1,"43":162,"44":162,"45":162,"46":162,"47":162,"48":162,"49":162,"50":162,"51":215,"52":215,"53":215,"54":162,"55":215,"56":215,"57":215,"58":215,"59":154,"60":154,"61":154,"62":215,"63":377,"64":377,"65":150,"66":227,"67":10,"68":217,"69":215,"70":215,"71":215,"72":81,"73":81,"74":134,"75":22,"76":22,"77":112,"78":215,"79":88,"80":215,"81":215,"82":136,"83":136,"84":51,"85":49},"b":{"1":[154,152],"2":[154,0],"3":[28,112],"4":[29,4],"5":[2,14],"6":[0,88],"7":[154,61],"8":[150,227],"9":[10,217],"10":[217,201],"11":[81,134],"12":[215,86],"13":[22,112],"14":[10,12],"15":[88,127],"16":[215,197],"17":[136,79],"18":[215,187],"19":[49,2]},"f":{"1":154,"2":139,"3":96,"4":14,"5":140,"6":33,"7":16,"8":12,"9":88,"10":88,"11":154,"12":162,"13":215,"14":215,"15":377,"16":215,"17":51},"fnMap":{"1":{"name":"(anonymous_1)","line":6,"loc":{"start":{"line":6,"column":20},"end":{"line":6,"column":54}}},"2":{"name":"(anonymous_2)","line":35,"loc":{"start":{"line":35,"column":14},"end":{"line":35,"column":24}}},"3":{"name":"(anonymous_3)","line":39,"loc":{"start":{"line":39,"column":18},"end":{"line":39,"column":36}}},"4":{"name":"(anonymous_4)","line":46,"loc":{"start":{"line":46,"column":16},"end":{"line":46,"column":34}}},"5":{"name":"(anonymous_5)","line":51,"loc":{"start":{"line":51,"column":9},"end":{"line":51,"column":26}}},"6":{"name":"(anonymous_6)","line":56,"loc":{"start":{"line":56,"column":28},"end":{"line":56,"column":41}}},"7":{"name":"(anonymous_7)","line":74,"loc":{"start":{"line":74,"column":8},"end":{"line":74,"column":18}}},"8":{"name":"(anonymous_8)","line":83,"loc":{"start":{"line":83,"column":28},"end":{"line":83,"column":41}}},"9":{"name":"(anonymous_9)","line":97,"loc":{"start":{"line":97,"column":17},"end":{"line":97,"column":55}}},"10":{"name":"(anonymous_10)","line":103,"loc":{"start":{"line":103,"column":24},"end":{"line":103,"column":56}}},"11":{"name":"(anonymous_11)","line":122,"loc":{"start":{"line":122,"column":35},"end":{"line":122,"column":45}}},"12":{"name":"(anonymous_12)","line":132,"loc":{"start":{"line":132,"column":10},"end":{"line":132,"column":54}}},"13":{"name":"(anonymous_13)","line":149,"loc":{"start":{"line":149,"column":24},"end":{"line":149,"column":47}}},"14":{"name":"(anonymous_14)","line":159,"loc":{"start":{"line":159,"column":14},"end":{"line":159,"column":64}}},"15":{"name":"(anonymous_15)","line":177,"loc":{"start":{"line":177,"column":12},"end":{"line":177,"column":39}}},"16":{"name":"(anonymous_16)","line":191,"loc":{"start":{"line":191,"column":24},"end":{"line":191,"column":65}}},"17":{"name":"(anonymous_17)","line":226,"loc":{"start":{"line":226,"column":34},"end":{"line":226,"column":51}}}},"statementMap":{"1":{"start":{"line":6,"column":0},"end":{"line":25,"column":2}},"2":{"start":{"line":7,"column":2},"end":{"line":7,"column":31}},"3":{"start":{"line":8,"column":2},"end":{"line":8,"column":53}},"4":{"start":{"line":9,"column":2},"end":{"line":9,"column":58}},"5":{"start":{"line":12,"column":2},"end":{"line":12,"column":23}},"6":{"start":{"line":14,"column":2},"end":{"line":14,"column":41}},"7":{"start":{"line":17,"column":2},"end":{"line":17,"column":17}},"8":{"start":{"line":18,"column":2},"end":{"line":18,"column":30}},"9":{"start":{"line":20,"column":2},"end":{"line":20,"column":48}},"10":{"start":{"line":22,"column":2},"end":{"line":24,"column":3}},"11":{"start":{"line":23,"column":4},"end":{"line":23,"column":51}},"12":{"start":{"line":27,"column":0},"end":{"line":27,"column":45}},"13":{"start":{"line":31,"column":0},"end":{"line":126,"column":3}},"14":{"start":{"line":40,"column":4},"end":{"line":40,"column":45}},"15":{"start":{"line":47,"column":4},"end":{"line":47,"column":43}},"16":{"start":{"line":53,"column":4},"end":{"line":53,"column":39}},"17":{"start":{"line":53,"column":30},"end":{"line":53,"column":37}},"18":{"start":{"line":56,"column":4},"end":{"line":61,"column":7}},"19":{"start":{"line":58,"column":6},"end":{"line":60,"column":7}},"20":{"start":{"line":59,"column":8},"end":{"line":59,"column":27}},"21":{"start":{"line":64,"column":4},"end":{"line":64,"column":48}},"22":{"start":{"line":66,"column":4},"end":{"line":66,"column":50}},"23":{"start":{"line":67,"column":4},"end":{"line":67,"column":31}},"24":{"start":{"line":69,"column":4},"end":{"line":69,"column":41}},"25":{"start":{"line":76,"column":4},"end":{"line":76,"column":40}},"26":{"start":{"line":76,"column":31},"end":{"line":76,"column":38}},"27":{"start":{"line":77,"column":4},"end":{"line":77,"column":32}},"28":{"start":{"line":79,"column":4},"end":{"line":79,"column":55}},"29":{"start":{"line":83,"column":4},"end":{"line":83,"column":58}},"30":{"start":{"line":83,"column":43},"end":{"line":83,"column":54}},"31":{"start":{"line":86,"column":4},"end":{"line":86,"column":49}},"32":{"start":{"line":89,"column":4},"end":{"line":89,"column":39}},"33":{"start":{"line":90,"column":4},"end":{"line":90,"column":37}},"34":{"start":{"line":92,"column":4},"end":{"line":92,"column":48}},"35":{"start":{"line":98,"column":4},"end":{"line":98,"column":60}},"36":{"start":{"line":104,"column":4},"end":{"line":104,"column":31}},"37":{"start":{"line":104,"column":22},"end":{"line":104,"column":29}},"38":{"start":{"line":107,"column":4},"end":{"line":114,"column":7}},"39":{"start":{"line":116,"column":4},"end":{"line":116,"column":33}},"40":{"start":{"line":123,"column":4},"end":{"line":123,"column":60}},"41":{"start":{"line":124,"column":4},"end":{"line":124,"column":58}},"42":{"start":{"line":129,"column":0},"end":{"line":235,"column":3}},"43":{"start":{"line":133,"column":4},"end":{"line":133,"column":21}},"44":{"start":{"line":137,"column":4},"end":{"line":137,"column":43}},"45":{"start":{"line":138,"column":4},"end":{"line":138,"column":28}},"46":{"start":{"line":141,"column":4},"end":{"line":141,"column":41}},"47":{"start":{"line":142,"column":4},"end":{"line":142,"column":36}},"48":{"start":{"line":145,"column":4},"end":{"line":145,"column":31}},"49":{"start":{"line":146,"column":4},"end":{"line":146,"column":51}},"50":{"start":{"line":149,"column":4},"end":{"line":153,"column":13}},"51":{"start":{"line":150,"column":6},"end":{"line":150,"column":32}},"52":{"start":{"line":151,"column":6},"end":{"line":151,"column":80}},"53":{"start":{"line":152,"column":6},"end":{"line":152,"column":88}},"54":{"start":{"line":156,"column":4},"end":{"line":156,"column":18}},"55":{"start":{"line":160,"column":4},"end":{"line":160,"column":36}},"56":{"start":{"line":161,"column":4},"end":{"line":161,"column":41}},"57":{"start":{"line":164,"column":4},"end":{"line":164,"column":42}},"58":{"start":{"line":166,"column":4},"end":{"line":172,"column":5}},"59":{"start":{"line":168,"column":6},"end":{"line":168,"column":57}},"60":{"start":{"line":169,"column":6},"end":{"line":169,"column":40}},"61":{"start":{"line":171,"column":6},"end":{"line":171,"column":51}},"62":{"start":{"line":174,"column":4},"end":{"line":174,"column":18}},"63":{"start":{"line":178,"column":4},"end":{"line":178,"column":40}},"64":{"start":{"line":180,"column":4},"end":{"line":182,"column":5}},"65":{"start":{"line":181,"column":6},"end":{"line":181,"column":25}},"66":{"start":{"line":184,"column":4},"end":{"line":186,"column":5}},"67":{"start":{"line":185,"column":6},"end":{"line":185,"column":30}},"68":{"start":{"line":188,"column":4},"end":{"line":188,"column":55}},"69":{"start":{"line":192,"column":4},"end":{"line":192,"column":11}},"70":{"start":{"line":193,"column":4},"end":{"line":193,"column":24}},"71":{"start":{"line":195,"column":4},"end":{"line":208,"column":5}},"72":{"start":{"line":197,"column":6},"end":{"line":197,"column":15}},"73":{"start":{"line":198,"column":6},"end":{"line":198,"column":29}},"74":{"start":{"line":200,"column":11},"end":{"line":208,"column":5}},"75":{"start":{"line":202,"column":6},"end":{"line":202,"column":22}},"76":{"start":{"line":203,"column":6},"end":{"line":203,"column":89}},"77":{"start":{"line":207,"column":6},"end":{"line":207,"column":29}},"78":{"start":{"line":211,"column":4},"end":{"line":213,"column":5}},"79":{"start":{"line":212,"column":6},"end":{"line":212,"column":37}},"80":{"start":{"line":217,"column":4},"end":{"line":217,"column":71}},"81":{"start":{"line":220,"column":4},"end":{"line":232,"column":5}},"82":{"start":{"line":223,"column":6},"end":{"line":223,"column":48}},"83":{"start":{"line":226,"column":6},"end":{"line":230,"column":9}},"84":{"start":{"line":227,"column":8},"end":{"line":229,"column":9}},"85":{"start":{"line":228,"column":10},"end":{"line":228,"column":32}}},"branchMap":{"1":{"line":9,"type":"binary-expr","locations":[{"start":{"line":9,"column":20},"end":{"line":9,"column":38}},{"start":{"line":9,"column":42},"end":{"line":9,"column":57}}]},"2":{"line":22,"type":"if","locations":[{"start":{"line":22,"column":2},"end":{"line":22,"column":2}},{"start":{"line":22,"column":2},"end":{"line":22,"column":2}}]},"3":{"line":53,"type":"if","locations":[{"start":{"line":53,"column":4},"end":{"line":53,"column":4}},{"start":{"line":53,"column":4},"end":{"line":53,"column":4}}]},"4":{"line":58,"type":"if","locations":[{"start":{"line":58,"column":6},"end":{"line":58,"column":6}},{"start":{"line":58,"column":6},"end":{"line":58,"column":6}}]},"5":{"line":76,"type":"if","locations":[{"start":{"line":76,"column":4},"end":{"line":76,"column":4}},{"start":{"line":76,"column":4},"end":{"line":76,"column":4}}]},"6":{"line":104,"type":"if","locations":[{"start":{"line":104,"column":4},"end":{"line":104,"column":4}},{"start":{"line":104,"column":4},"end":{"line":104,"column":4}}]},"7":{"line":166,"type":"if","locations":[{"start":{"line":166,"column":4},"end":{"line":166,"column":4}},{"start":{"line":166,"column":4},"end":{"line":166,"column":4}}]},"8":{"line":180,"type":"if","locations":[{"start":{"line":180,"column":4},"end":{"line":180,"column":4}},{"start":{"line":180,"column":4},"end":{"line":180,"column":4}}]},"9":{"line":184,"type":"if","locations":[{"start":{"line":184,"column":4},"end":{"line":184,"column":4}},{"start":{"line":184,"column":4},"end":{"line":184,"column":4}}]},"10":{"line":188,"type":"binary-expr","locations":[{"start":{"line":188,"column":11},"end":{"line":188,"column":39}},{"start":{"line":188,"column":43},"end":{"line":188,"column":54}}]},"11":{"line":195,"type":"if","locations":[{"start":{"line":195,"column":4},"end":{"line":195,"column":4}},{"start":{"line":195,"column":4},"end":{"line":195,"column":4}}]},"12":{"line":195,"type":"binary-expr","locations":[{"start":{"line":195,"column":8},"end":{"line":195,"column":25}},{"start":{"line":195,"column":29},"end":{"line":195,"column":74}}]},"13":{"line":200,"type":"if","locations":[{"start":{"line":200,"column":11},"end":{"line":200,"column":11}},{"start":{"line":200,"column":11},"end":{"line":200,"column":11}}]},"14":{"line":203,"type":"cond-expr","locations":[{"start":{"line":203,"column":62},"end":{"line":203,"column":81}},{"start":{"line":203,"column":84},"end":{"line":203,"column":88}}]},"15":{"line":211,"type":"if","locations":[{"start":{"line":211,"column":4},"end":{"line":211,"column":4}},{"start":{"line":211,"column":4},"end":{"line":211,"column":4}}]},"16":{"line":217,"type":"binary-expr","locations":[{"start":{"line":217,"column":29},"end":{"line":217,"column":51}},{"start":{"line":217,"column":55},"end":{"line":217,"column":70}}]},"17":{"line":220,"type":"if","locations":[{"start":{"line":220,"column":4},"end":{"line":220,"column":4}},{"start":{"line":220,"column":4},"end":{"line":220,"column":4}}]},"18":{"line":220,"type":"binary-expr","locations":[{"start":{"line":220,"column":8},"end":{"line":220,"column":30}},{"start":{"line":220,"column":34},"end":{"line":220,"column":69}}]},"19":{"line":227,"type":"if","locations":[{"start":{"line":227,"column":8},"end":{"line":227,"column":8}},{"start":{"line":227,"column":8},"end":{"line":227,"column":8}}]}}},"./src/marionette.templatecache.js":{"path":"./src/marionette.templatecache.js","s":{"1":1,"2":30,"3":1,"4":142,"5":142,"6":30,"7":30,"8":142,"9":6,"10":6,"11":6,"12":6,"13":4,"14":6,"15":2,"16":1,"17":142,"18":112,"19":30,"20":30,"21":30,"22":30,"23":30,"24":0,"25":30,"26":30},"b":{"1":[30,112],"2":[4,2],"3":[112,30],"4":[0,30],"5":[30,30]},"f":{"1":30,"2":142,"3":6,"4":142,"5":30,"6":30},"fnMap":{"1":{"name":"(anonymous_1)","line":6,"loc":{"start":{"line":6,"column":27},"end":{"line":6,"column":47}}},"2":{"name":"(anonymous_2)","line":19,"loc":{"start":{"line":19,"column":7},"end":{"line":19,"column":27}}},"3":{"name":"(anonymous_3)","line":37,"loc":{"start":{"line":37,"column":9},"end":{"line":37,"column":19}}},"4":{"name":"(anonymous_4)","line":58,"loc":{"start":{"line":58,"column":8},"end":{"line":58,"column":18}}},"5":{"name":"(anonymous_5)","line":76,"loc":{"start":{"line":76,"column":16},"end":{"line":76,"column":36}}},"6":{"name":"(anonymous_6)","line":90,"loc":{"start":{"line":90,"column":19},"end":{"line":90,"column":40}}}},"statementMap":{"1":{"start":{"line":6,"column":0},"end":{"line":8,"column":2}},"2":{"start":{"line":7,"column":2},"end":{"line":7,"column":31}},"3":{"start":{"line":13,"column":0},"end":{"line":50,"column":3}},"4":{"start":{"line":20,"column":4},"end":{"line":20,"column":57}},"5":{"start":{"line":22,"column":4},"end":{"line":25,"column":5}},"6":{"start":{"line":23,"column":6},"end":{"line":23,"column":64}},"7":{"start":{"line":24,"column":6},"end":{"line":24,"column":55}},"8":{"start":{"line":27,"column":4},"end":{"line":27,"column":33}},"9":{"start":{"line":38,"column":4},"end":{"line":38,"column":10}},"10":{"start":{"line":39,"column":4},"end":{"line":39,"column":37}},"11":{"start":{"line":40,"column":4},"end":{"line":40,"column":29}},"12":{"start":{"line":42,"column":4},"end":{"line":48,"column":5}},"13":{"start":{"line":43,"column":6},"end":{"line":45,"column":7}},"14":{"start":{"line":44,"column":8},"end":{"line":44,"column":44}},"15":{"start":{"line":47,"column":6},"end":{"line":47,"column":31}},"16":{"start":{"line":55,"column":0},"end":{"line":93,"column":3}},"17":{"start":{"line":60,"column":4},"end":{"line":62,"column":5}},"18":{"start":{"line":61,"column":6},"end":{"line":61,"column":35}},"19":{"start":{"line":65,"column":4},"end":{"line":65,"column":54}},"20":{"start":{"line":66,"column":4},"end":{"line":66,"column":59}},"21":{"start":{"line":68,"column":4},"end":{"line":68,"column":33}},"22":{"start":{"line":77,"column":4},"end":{"line":77,"column":51}},"23":{"start":{"line":79,"column":4},"end":{"line":81,"column":5}},"24":{"start":{"line":80,"column":6},"end":{"line":80,"column":85}},"25":{"start":{"line":83,"column":4},"end":{"line":83,"column":20}},"26":{"start":{"line":91,"column":4},"end":{"line":91,"column":35}}},"branchMap":{"1":{"line":22,"type":"if","locations":[{"start":{"line":22,"column":4},"end":{"line":22,"column":4}},{"start":{"line":22,"column":4},"end":{"line":22,"column":4}}]},"2":{"line":42,"type":"if","locations":[{"start":{"line":42,"column":4},"end":{"line":42,"column":4}},{"start":{"line":42,"column":4},"end":{"line":42,"column":4}}]},"3":{"line":60,"type":"if","locations":[{"start":{"line":60,"column":4},"end":{"line":60,"column":4}},{"start":{"line":60,"column":4},"end":{"line":60,"column":4}}]},"4":{"line":79,"type":"if","locations":[{"start":{"line":79,"column":4},"end":{"line":79,"column":4}},{"start":{"line":79,"column":4},"end":{"line":79,"column":4}}]},"5":{"line":79,"type":"binary-expr","locations":[{"start":{"line":79,"column":8},"end":{"line":79,"column":17}},{"start":{"line":79,"column":21},"end":{"line":79,"column":42}}]}}},"./src/marionette.renderer.js":{"path":"./src/marionette.renderer.js","s":{"1":1,"2":187,"3":3,"4":184,"5":184,"6":59,"7":125,"8":184},"b":{"1":[3,184],"2":[59,125]},"f":{"1":187},"fnMap":{"1":{"name":"(anonymous_1)","line":12,"loc":{"start":{"line":12,"column":10},"end":{"line":12,"column":34}}}},"statementMap":{"1":{"start":{"line":6,"column":0},"end":{"line":27,"column":2}},"2":{"start":{"line":14,"column":4},"end":{"line":16,"column":5}},"3":{"start":{"line":15,"column":6},"end":{"line":15,"column":109}},"4":{"start":{"line":18,"column":4},"end":{"line":18,"column":21}},"5":{"start":{"line":19,"column":4},"end":{"line":23,"column":5}},"6":{"start":{"line":20,"column":6},"end":{"line":20,"column":30}},"7":{"start":{"line":22,"column":6},"end":{"line":22,"column":60}},"8":{"start":{"line":25,"column":4},"end":{"line":25,"column":30}}},"branchMap":{"1":{"line":14,"type":"if","locations":[{"start":{"line":14,"column":4},"end":{"line":14,"column":4}},{"start":{"line":14,"column":4},"end":{"line":14,"column":4}}]},"2":{"line":19,"type":"if","locations":[{"start":{"line":19,"column":4},"end":{"line":19,"column":4}},{"start":{"line":19,"column":4},"end":{"line":19,"column":4}}]}}},"./src/marionette.callbacks.js":{"path":"./src/marionette.callbacks.js","s":{"1":1,"2":440,"3":440,"4":1,"5":253,"6":253,"7":124,"8":1,"9":124,"10":181,"11":30,"12":30,"13":30,"14":30,"15":35},"b":{"1":[1,123]},"f":{"1":440,"2":253,"3":124,"4":181,"5":30,"6":35},"fnMap":{"1":{"name":"(anonymous_1)","line":7,"loc":{"start":{"line":7,"column":23},"end":{"line":7,"column":33}}},"2":{"name":"(anonymous_2)","line":17,"loc":{"start":{"line":17,"column":7},"end":{"line":17,"column":42}}},"3":{"name":"(anonymous_3)","line":20,"loc":{"start":{"line":20,"column":24},"end":{"line":20,"column":50}}},"4":{"name":"(anonymous_4)","line":29,"loc":{"start":{"line":29,"column":7},"end":{"line":29,"column":33}}},"5":{"name":"(anonymous_5)","line":35,"loc":{"start":{"line":35,"column":9},"end":{"line":35,"column":19}}},"6":{"name":"(anonymous_6)","line":40,"loc":{"start":{"line":40,"column":22},"end":{"line":40,"column":34}}}},"statementMap":{"1":{"start":{"line":7,"column":0},"end":{"line":10,"column":2}},"2":{"start":{"line":8,"column":2},"end":{"line":8,"column":43}},"3":{"start":{"line":9,"column":2},"end":{"line":9,"column":23}},"4":{"start":{"line":12,"column":0},"end":{"line":44,"column":3}},"5":{"start":{"line":18,"column":4},"end":{"line":18,"column":63}},"6":{"start":{"line":20,"column":4},"end":{"line":23,"column":7}},"7":{"start":{"line":21,"column":6},"end":{"line":21,"column":56}},"8":{"start":{"line":21,"column":28},"end":{"line":21,"column":54}},"9":{"start":{"line":22,"column":6},"end":{"line":22,"column":38}},"10":{"start":{"line":30,"column":4},"end":{"line":30,"column":45}},"11":{"start":{"line":36,"column":4},"end":{"line":36,"column":36}},"12":{"start":{"line":37,"column":4},"end":{"line":37,"column":45}},"13":{"start":{"line":38,"column":4},"end":{"line":38,"column":25}},"14":{"start":{"line":40,"column":4},"end":{"line":42,"column":13}},"15":{"start":{"line":41,"column":6},"end":{"line":41,"column":30}}},"branchMap":{"1":{"line":21,"type":"if","locations":[{"start":{"line":21,"column":6},"end":{"line":21,"column":6}},{"start":{"line":21,"column":6},"end":{"line":21,"column":6}}]}}}}